<?xml version="1.0" encoding="utf-8"?><testsuites name="pytest tests"><testsuite name="pytest" errors="0" failures="0" skipped="0" tests="39" time="13.421" timestamp="2026-09-15T17:25:00.268083+09:00" hostname="sim5080"><testcase classname="simulation.mujoco.tests.test_s_native_v62" name="test_v62_extends_rear_with_nearly_vertical_lower_leg_and_more_flexed_placement" time="1.211" /><testcase classname="simulation.mujoco.tests.test_s_native_v62" name="test_v62_full_forward_walks_straight_and_completes_stop_with_contacts_enabled" time="4.439" /><testcase classname="simulation.mujoco.tests.test_s_native_v62" name="test_v62_default_and_bounded_reverse_do_not_change_v61" time="0.387" /><testcase classname="simulation.mujoco.tests.test_s_native_v62" name="test_v62_crossing_has_no_speed_dip_or_hold_and_preserves_endpoints" time="0.450" /><testcase classname="simulation.mujoco.tests.test_s_native_gait" name="test_diagonals_share_paths_and_opposing_extrema[s_native_v1-0.02-0.02]" time="0.412" /><testcase classname="simulation.mujoco.tests.test_s_native_gait" name="test_diagonals_share_paths_and_opposing_extrema[s_native_v2-0.02-0.02]" time="0.015" /><testcase classname="simulation.mujoco.tests.test_s_native_gait" name="test_diagonals_share_paths_and_opposing_extrema[s_native_v3-0.02-0.06]" time="0.017" /><testcase classname="simulation.mujoco.tests.test_s_native_gait" name="test_diagonals_share_paths_and_opposing_extrema[s_native_v6-0.02-0.06]" time="0.017" /><testcase classname="simulation.mujoco.tests.test_s_native_gait" name="test_diagonals_share_paths_and_opposing_extrema[s_native_v6_1-0.02-0.065]" time="0.017" /><testcase classname="simulation.mujoco.tests.test_s_native_gait" name="test_s_native_default_direct_start_and_zero_motion" time="0.008" /><testcase classname="simulation.mujoco.tests.test_s_native_gait" name="test_native_contact_ik_reaches_path[1-0]" time="0.264" /><testcase classname="simulation.mujoco.tests.test_s_native_gait" name="test_native_contact_ik_reaches_path[-1-0]" time="0.297" /><testcase classname="simulation.mujoco.tests.test_s_native_gait" name="test_native_contact_ik_reaches_path[0-0.5]" time="0.216" /><testcase classname="simulation.mujoco.tests.test_s_native_gait" name="test_native_contact_ik_reaches_path[0--0.5]" time="0.223" /><testcase classname="simulation.mujoco.tests.test_s_native_gait" name="test_native_contact_ik_reaches_path[1-0.5]" time="0.335" /><testcase classname="simulation.mujoco.tests.test_s_native_gait" name="test_sole_xy_tracks_one_material_point_without_vertex_jumps" time="0.058" /><testcase classname="simulation.mujoco.tests.test_s_native_gait" name="test_body_transfer_keeps_opposing_extrema_and_s[s_native_v6-0.06]" time="0.045" /><testcase classname="simulation.mujoco.tests.test_s_native_gait" name="test_body_transfer_keeps_opposing_extrema_and_s[s_native_v6_1-0.065]" time="0.040" /><testcase classname="simulation.mujoco.tests.test_s_native_gait" name="test_v2_exchanges_without_a_ground_hold_and_keeps_v1_available" time="0.009" /><testcase classname="simulation.mujoco.tests.test_s_native_gait" name="test_fall_experiment_only_ignores_tilt_during_native_walk[False-tilt-False]" time="0.554" /><testcase classname="simulation.mujoco.tests.test_s_native_gait" name="test_fall_experiment_only_ignores_tilt_during_native_walk[True-tilt-True]" time="1.166" /><testcase classname="simulation.mujoco.tests.test_s_native_gait" name="test_fall_experiment_only_ignores_tilt_during_native_walk[True-imu-False]" time="0.544" /><testcase classname="simulation.mujoco.tests.test_s_native_gait" name="test_v3_extends_push_behind_s_without_changing_front_placement_or_exchange" time="0.035" /><testcase classname="simulation.mujoco.tests.test_s_native_gait" name="test_v4_walk_footprint_is_under_j1_without_changing_s_or_stride" time="0.010" /><testcase classname="simulation.mujoco.tests.test_s_native_gait" name="test_v4_only_moves_entry_footprint_during_swing_and_reaches_both_pairs" time="0.200" /><testcase classname="simulation.mujoco.tests.test_s_native_gait" name="test_first_fr_rl_swing_and_double_fr_angular_adduction[s_native_v5]" time="0.190" /><testcase classname="simulation.mujoco.tests.test_s_native_gait" name="test_first_fr_rl_swing_and_double_fr_angular_adduction[s_native_v6]" time="0.227" /><testcase classname="simulation.mujoco.tests.test_s_native_gait" name="test_first_fr_rl_swing_and_double_fr_angular_adduction[s_native_v6_1]" time="0.202" /><testcase classname="simulation.mujoco.tests.test_s_native_gait" name="test_stop_reverses_adduction_continuously_to_s[s_native_v5-0.25]" time="0.068" /><testcase classname="simulation.mujoco.tests.test_s_native_gait" name="test_stop_reverses_adduction_continuously_to_s[s_native_v5-0.6]" time="0.093" /><testcase classname="simulation.mujoco.tests.test_s_native_gait" name="test_stop_reverses_adduction_continuously_to_s[s_native_v5-1.2]" time="0.147" /><testcase classname="simulation.mujoco.tests.test_s_native_gait" name="test_stop_reverses_adduction_continuously_to_s[s_native_v6-0.25]" time="0.079" /><testcase classname="simulation.mujoco.tests.test_s_native_gait" name="test_stop_reverses_adduction_continuously_to_s[s_native_v6-0.6]" time="0.105" /><testcase classname="simulation.mujoco.tests.test_s_native_gait" name="test_stop_reverses_adduction_continuously_to_s[s_native_v6-1.2]" time="0.173" /><testcase classname="simulation.mujoco.tests.test_s_native_gait" name="test_stop_reverses_adduction_continuously_to_s[s_native_v6_1-0.25]" time="0.071" /><testcase classname="simulation.mujoco.tests.test_s_native_gait" name="test_stop_reverses_adduction_continuously_to_s[s_native_v6_1-0.6]" time="0.096" /><testcase classname="simulation.mujoco.tests.test_s_native_gait" name="test_stop_reverses_adduction_continuously_to_s[s_native_v6_1-1.2]" time="0.163" /><testcase classname="simulation.mujoco.tests.test_s_native_gait" name="test_v61_stop_places_two_diagonals_at_planned_clearance[0.18]" time="0.218" /><testcase classname="simulation.mujoco.tests.test_s_native_gait" name="test_v61_stop_places_two_diagonals_at_planned_clearance[0.68]" time="0.308" /></testsuite></testsuites>