<?xml version="1.0" encoding="utf-8"?><testsuites name="pytest tests"><testsuite name="pytest" errors="0" failures="0" skipped="0" tests="3" time="2.371" timestamp="2026-09-15T16:52:22.291737+09:00" hostname="sim5080"><testcase classname="simulation.mujoco.tests.test_s_native_gait" name="test_fall_experiment_only_ignores_tilt_during_native_walk[False-tilt-False]" time="0.676" /><testcase classname="simulation.mujoco.tests.test_s_native_gait" name="test_fall_experiment_only_ignores_tilt_during_native_walk[True-tilt-True]" time="0.942" /><testcase classname="simulation.mujoco.tests.test_s_native_gait" name="test_fall_experiment_only_ignores_tilt_during_native_walk[True-imu-False]" time="0.500" /></testsuite></testsuites>