<?xml version="1.0" encoding="utf-8"?><testsuites name="pytest tests"><testsuite name="pytest" errors="0" failures="0" skipped="0" tests="11" time="4.339" timestamp="2026-09-15T16:55:16.563346+09:00" hostname="sim5080"><testcase classname="simulation.mujoco.tests.test_s_native_firmware" name="test_native_targets_and_servo_limits[command0-8.0]" time="1.813" /><testcase classname="simulation.mujoco.tests.test_s_native_firmware" name="test_native_targets_and_servo_limits[command1-0.0]" time="0.050" /><testcase classname="simulation.mujoco.tests.test_s_native_firmware" name="test_native_targets_and_servo_limits[command2-0.04]" time="0.109" /><testcase classname="simulation.mujoco.tests.test_s_native_firmware" name="test_native_targets_and_servo_limits[command3-0.3]" time="0.134" /><testcase classname="simulation.mujoco.tests.test_s_native_firmware" name="test_native_targets_and_servo_limits[command4-2.0]" time="0.271" /><testcase classname="simulation.mujoco.tests.test_s_native_firmware" name="test_native_targets_and_servo_limits[command5-2.0]" time="0.275" /><testcase classname="simulation.mujoco.tests.test_s_native_firmware" name="test_native_targets_and_servo_limits[command6-2.0]" time="0.285" /><testcase classname="simulation.mujoco.tests.test_s_native_firmware" name="test_native_targets_and_servo_limits[command7-2.0]" time="0.282" /><testcase classname="simulation.mujoco.tests.test_s_native_firmware" name="test_native_targets_and_servo_limits[command8-2.0]" time="0.252" /><testcase classname="simulation.mujoco.tests.test_s_native_firmware" name="test_native_targets_and_servo_limits[command9-2.0]" time="0.263" /><testcase classname="simulation.mujoco.tests.test_s_native_firmware" name="test_native_targets_and_servo_limits[command10-2.0]" time="0.249" /></testsuite></testsuites>