<?xml version="1.0" encoding="utf-8"?><testsuites name="pytest tests"><testsuite name="pytest" errors="0" failures="1" skipped="0" tests="61" time="42.323" timestamp="2026-09-15T16:50:39.148170+09:00" hostname="sim5080"><testcase classname="simulation.mujoco.tests.test_s_native_gait" name="test_diagonals_share_paths_and_opposing_extrema[s_native_v1-0.02-0.02]" time="0.558" /><testcase classname="simulation.mujoco.tests.test_s_native_gait" name="test_diagonals_share_paths_and_opposing_extrema[s_native_v2-0.02-0.02]" time="0.014" /><testcase classname="simulation.mujoco.tests.test_s_native_gait" name="test_diagonals_share_paths_and_opposing_extrema[s_native_v3-0.02-0.06]" time="0.014" /><testcase classname="simulation.mujoco.tests.test_s_native_gait" name="test_diagonals_share_paths_and_opposing_extrema[s_native_v6-0.02-0.06]" time="0.016" /><testcase classname="simulation.mujoco.tests.test_s_native_gait" name="test_diagonals_share_paths_and_opposing_extrema[s_native_v6_1-0.02-0.065]" time="0.017" /><testcase classname="simulation.mujoco.tests.test_s_native_gait" name="test_s_native_default_direct_start_and_zero_motion" time="0.009" /><testcase classname="simulation.mujoco.tests.test_s_native_gait" name="test_native_contact_ik_reaches_path[1-0]" time="0.254" /><testcase classname="simulation.mujoco.tests.test_s_native_gait" name="test_native_contact_ik_reaches_path[-1-0]" time="0.246" /><testcase classname="simulation.mujoco.tests.test_s_native_gait" name="test_native_contact_ik_reaches_path[0-0.5]" time="0.193" /><testcase classname="simulation.mujoco.tests.test_s_native_gait" name="test_native_contact_ik_reaches_path[0--0.5]" time="0.199" /><testcase classname="simulation.mujoco.tests.test_s_native_gait" name="test_native_contact_ik_reaches_path[1-0.5]" time="0.227" /><testcase classname="simulation.mujoco.tests.test_s_native_gait" name="test_sole_xy_tracks_one_material_point_without_vertex_jumps" time="0.058" /><testcase classname="simulation.mujoco.tests.test_s_native_gait" name="test_body_transfer_keeps_opposing_extrema_and_s[s_native_v6-0.06]" time="0.034" /><testcase classname="simulation.mujoco.tests.test_s_native_gait" name="test_body_transfer_keeps_opposing_extrema_and_s[s_native_v6_1-0.065]" time="0.035" /><testcase classname="simulation.mujoco.tests.test_s_native_gait" name="test_v2_exchanges_without_a_ground_hold_and_keeps_v1_available" time="0.008" /><testcase classname="simulation.mujoco.tests.test_s_native_gait" name="test_fall_experiment_only_ignores_tilt_during_native_walk[False-tilt-False]" time="0.517" /><testcase classname="simulation.mujoco.tests.test_s_native_gait" name="test_fall_experiment_only_ignores_tilt_during_native_walk[True-tilt-True]" time="0.802"><failure message="AssertionError: assert ('drive',) is None&#10; +  where ('drive',) = &lt;simulation.mujoco.runtime.virtual_robot.RobotController object at 0x000001717FD425C0&gt;.motion">allow_fall = True, fault = 'tilt', keeps_walking = True

    @pytest.mark.parametrize('allow_fall,fault,keeps_walking',[(False,'tilt',False),(True,'tilt',True),(True,'imu',False)])
    def test_fall_experiment_only_ignores_tilt_during_native_walk(allow_fall,fault,keeps_walking):
        plant=Simulation(load_parameters(parse_args(['--allow-fall'] if allow_fall else [])))
        robot=RobotController(plant)
        for i in range(30):robot.tick(i*.02)
        robot.command('drive 600 0 1',.6)
        robot.attitude_filter.update=lambda reading: fault
        robot.tick(.62)
        assert (robot.motion is not None)==keeps_walking
        assert robot.safety==('ok' if keeps_walking else fault)
        if keeps_walking:
            robot.command('@S 2',.64)
            for i in range(50):robot.tick(.64+i*.02)
&gt;           assert robot.motion is None
E           AssertionError: assert ('drive',) is None
E            +  where ('drive',) = &lt;simulation.mujoco.runtime.virtual_robot.RobotController object at 0x000001717FD425C0&gt;.motion

simulation\mujoco\tests\test_s_native_gait.py:110: AssertionError</failure></testcase><testcase classname="simulation.mujoco.tests.test_s_native_gait" name="test_fall_experiment_only_ignores_tilt_during_native_walk[True-imu-False]" time="0.516" /><testcase classname="simulation.mujoco.tests.test_s_native_gait" name="test_v3_extends_push_behind_s_without_changing_front_placement_or_exchange" time="0.033" /><testcase classname="simulation.mujoco.tests.test_s_native_gait" name="test_v4_walk_footprint_is_under_j1_without_changing_s_or_stride" time="0.009" /><testcase classname="simulation.mujoco.tests.test_s_native_gait" name="test_v4_only_moves_entry_footprint_during_swing_and_reaches_both_pairs" time="0.166" /><testcase classname="simulation.mujoco.tests.test_s_native_gait" name="test_first_fr_rl_swing_and_double_fr_angular_adduction[s_native_v5]" time="0.176" /><testcase classname="simulation.mujoco.tests.test_s_native_gait" name="test_first_fr_rl_swing_and_double_fr_angular_adduction[s_native_v6]" time="0.183" /><testcase classname="simulation.mujoco.tests.test_s_native_gait" name="test_first_fr_rl_swing_and_double_fr_angular_adduction[s_native_v6_1]" time="0.179" /><testcase classname="simulation.mujoco.tests.test_s_native_gait" name="test_stop_reverses_adduction_continuously_to_s[s_native_v5-0.25]" time="0.066" /><testcase classname="simulation.mujoco.tests.test_s_native_gait" name="test_stop_reverses_adduction_continuously_to_s[s_native_v5-0.6]" time="0.086" /><testcase classname="simulation.mujoco.tests.test_s_native_gait" name="test_stop_reverses_adduction_continuously_to_s[s_native_v5-1.2]" time="0.129" /><testcase classname="simulation.mujoco.tests.test_s_native_gait" name="test_stop_reverses_adduction_continuously_to_s[s_native_v6-0.25]" time="0.079" /><testcase classname="simulation.mujoco.tests.test_s_native_gait" name="test_stop_reverses_adduction_continuously_to_s[s_native_v6-0.6]" time="0.100" /><testcase classname="simulation.mujoco.tests.test_s_native_gait" name="test_stop_reverses_adduction_continuously_to_s[s_native_v6-1.2]" time="0.144" /><testcase classname="simulation.mujoco.tests.test_s_native_gait" name="test_stop_reverses_adduction_continuously_to_s[s_native_v6_1-0.25]" time="0.070" /><testcase classname="simulation.mujoco.tests.test_s_native_gait" name="test_stop_reverses_adduction_continuously_to_s[s_native_v6_1-0.6]" time="0.097" /><testcase classname="simulation.mujoco.tests.test_s_native_gait" name="test_stop_reverses_adduction_continuously_to_s[s_native_v6_1-1.2]" time="0.136" /><testcase classname="simulation.mujoco.tests.test_s_native_gait" name="test_v61_stop_places_two_diagonals_at_planned_clearance[0.18]" time="0.197" /><testcase classname="simulation.mujoco.tests.test_s_native_gait" name="test_v61_stop_places_two_diagonals_at_planned_clearance[0.68]" time="0.248" /><testcase classname="simulation.mujoco.tests.test_s_native_firmware" name="test_native_targets_and_servo_limits[command0-8.0]" time="1.651" /><testcase classname="simulation.mujoco.tests.test_s_native_firmware" name="test_native_targets_and_servo_limits[command1-0.3]" time="0.135" /><testcase classname="simulation.mujoco.tests.test_s_native_firmware" name="test_native_targets_and_servo_limits[command2-2.0]" time="0.266" /><testcase classname="simulation.mujoco.tests.test_s_native_firmware" name="test_native_targets_and_servo_limits[command3-2.0]" time="0.276" /><testcase classname="simulation.mujoco.tests.test_s_native_firmware" name="test_native_targets_and_servo_limits[command4-2.0]" time="0.288" /><testcase classname="simulation.mujoco.tests.test_s_native_firmware" name="test_native_targets_and_servo_limits[command5-2.0]" time="0.256" /><testcase classname="simulation.mujoco.tests.test_s_native_firmware" name="test_native_targets_and_servo_limits[command6-2.0]" time="0.261" /><testcase classname="simulation.mujoco.tests.test_s_native_firmware" name="test_native_targets_and_servo_limits[command7-2.0]" time="0.274" /><testcase classname="simulation.mujoco.tests.test_s_native_firmware" name="test_native_targets_and_servo_limits[command8-2.0]" time="0.266" /><testcase classname="simulation.mujoco.tests.test_s_native_firmware" name="test_c_kernel_walks_and_returns_to_s_in_mujoco" time="2.895" /><testcase classname="simulation.mujoco.tests.test_s_native_firmware" name="test_native_protocol_turn_matches_actual_body_direction[500-python]" time="3.523" /><testcase classname="simulation.mujoco.tests.test_s_native_firmware" name="test_native_protocol_turn_matches_actual_body_direction[500-c]" time="2.845" /><testcase classname="simulation.mujoco.tests.test_s_native_firmware" name="test_native_protocol_turn_matches_actual_body_direction[-500-python]" time="3.664" /><testcase classname="simulation.mujoco.tests.test_s_native_firmware" name="test_native_protocol_turn_matches_actual_body_direction[-500-c]" time="2.836" /><testcase classname="simulation.mujoco.tests.test_s_native_firmware" name="test_native_heading_reduces_measured_drift_at_user_input[python]" time="7.175" /><testcase classname="simulation.mujoco.tests.test_s_native_firmware" name="test_native_heading_reduces_measured_drift_at_user_input[c]" time="5.791" /><testcase classname="simulation.mujoco.tests.test_s_native_firmware" name="test_native_adduction_matches_physical_motor_directions" time="0.001" /><testcase classname="simulation.mujoco.tests.test_s_native_firmware" name="test_old_conversion_reproduces_front_outward_rear_inward" time="0.006" /><testcase classname="simulation.mujoco.tests.test_s_native_firmware" name="test_only_front_j1_motor_encoding_changes" time="0.000" /><testcase classname="simulation.mujoco.tests.test_s_native_firmware" name="test_bad_native_inputs_are_rejected[0-nan]" time="0.000" /><testcase classname="simulation.mujoco.tests.test_s_native_firmware" name="test_bad_native_inputs_are_rejected[1-1.1]" time="0.000" /><testcase classname="simulation.mujoco.tests.test_s_native_firmware" name="test_bad_native_inputs_are_rejected[2-1.1]" time="0.000" /><testcase classname="simulation.mujoco.tests.test_s_native_firmware" name="test_bad_native_inputs_are_rejected[3-0.6]" time="0.000" /><testcase classname="simulation.mujoco.tests.test_s_native_firmware" name="test_bad_native_inputs_are_rejected[4-inf]" time="0.000" /><testcase classname="simulation.mujoco.tests.test_s_native_firmware" name="test_bad_native_inputs_are_rejected[6-0.1]" time="0.007" /><testcase classname="apps.windows.tests.test_stop_return_simulation" name="test_app_stop_waits_for_v6_1_physical_return" time="3.695" /></testsuite></testsuites>