<?xml version="1.0" encoding="utf-8"?><testsuites name="pytest tests"><testsuite name="pytest" errors="0" failures="0" skipped="0" tests="63" time="41.526" timestamp="2026-09-15T16:56:39.701750+09:00" hostname="sim5080"><testcase classname="simulation.mujoco.tests.test_s_native_gait" name="test_diagonals_share_paths_and_opposing_extrema[s_native_v1-0.02-0.02]" time="0.532" /><testcase classname="simulation.mujoco.tests.test_s_native_gait" name="test_diagonals_share_paths_and_opposing_extrema[s_native_v2-0.02-0.02]" time="0.014" /><testcase classname="simulation.mujoco.tests.test_s_native_gait" name="test_diagonals_share_paths_and_opposing_extrema[s_native_v3-0.02-0.06]" time="0.014" /><testcase classname="simulation.mujoco.tests.test_s_native_gait" name="test_diagonals_share_paths_and_opposing_extrema[s_native_v6-0.02-0.06]" time="0.016" /><testcase classname="simulation.mujoco.tests.test_s_native_gait" name="test_diagonals_share_paths_and_opposing_extrema[s_native_v6_1-0.02-0.065]" time="0.015" /><testcase classname="simulation.mujoco.tests.test_s_native_gait" name="test_s_native_default_direct_start_and_zero_motion" time="0.009" /><testcase classname="simulation.mujoco.tests.test_s_native_gait" name="test_native_contact_ik_reaches_path[1-0]" time="0.241" /><testcase classname="simulation.mujoco.tests.test_s_native_gait" name="test_native_contact_ik_reaches_path[-1-0]" time="0.225" /><testcase classname="simulation.mujoco.tests.test_s_native_gait" name="test_native_contact_ik_reaches_path[0-0.5]" time="0.186" /><testcase classname="simulation.mujoco.tests.test_s_native_gait" name="test_native_contact_ik_reaches_path[0--0.5]" time="0.187" /><testcase classname="simulation.mujoco.tests.test_s_native_gait" name="test_native_contact_ik_reaches_path[1-0.5]" time="0.226" /><testcase classname="simulation.mujoco.tests.test_s_native_gait" name="test_sole_xy_tracks_one_material_point_without_vertex_jumps" time="0.056" /><testcase classname="simulation.mujoco.tests.test_s_native_gait" name="test_body_transfer_keeps_opposing_extrema_and_s[s_native_v6-0.06]" time="0.033" /><testcase classname="simulation.mujoco.tests.test_s_native_gait" name="test_body_transfer_keeps_opposing_extrema_and_s[s_native_v6_1-0.065]" time="0.032" /><testcase classname="simulation.mujoco.tests.test_s_native_gait" name="test_v2_exchanges_without_a_ground_hold_and_keeps_v1_available" time="0.007" /><testcase classname="simulation.mujoco.tests.test_s_native_gait" name="test_fall_experiment_only_ignores_tilt_during_native_walk[False-tilt-False]" time="0.505" /><testcase classname="simulation.mujoco.tests.test_s_native_gait" name="test_fall_experiment_only_ignores_tilt_during_native_walk[True-tilt-True]" time="0.934" /><testcase classname="simulation.mujoco.tests.test_s_native_gait" name="test_fall_experiment_only_ignores_tilt_during_native_walk[True-imu-False]" time="0.499" /><testcase classname="simulation.mujoco.tests.test_s_native_gait" name="test_v3_extends_push_behind_s_without_changing_front_placement_or_exchange" time="0.032" /><testcase classname="simulation.mujoco.tests.test_s_native_gait" name="test_v4_walk_footprint_is_under_j1_without_changing_s_or_stride" time="0.009" /><testcase classname="simulation.mujoco.tests.test_s_native_gait" name="test_v4_only_moves_entry_footprint_during_swing_and_reaches_both_pairs" time="0.163" /><testcase classname="simulation.mujoco.tests.test_s_native_gait" name="test_first_fr_rl_swing_and_double_fr_angular_adduction[s_native_v5]" time="0.172" /><testcase classname="simulation.mujoco.tests.test_s_native_gait" name="test_first_fr_rl_swing_and_double_fr_angular_adduction[s_native_v6]" time="0.173" /><testcase classname="simulation.mujoco.tests.test_s_native_gait" name="test_first_fr_rl_swing_and_double_fr_angular_adduction[s_native_v6_1]" time="0.169" /><testcase classname="simulation.mujoco.tests.test_s_native_gait" name="test_stop_reverses_adduction_continuously_to_s[s_native_v5-0.25]" time="0.057" /><testcase classname="simulation.mujoco.tests.test_s_native_gait" name="test_stop_reverses_adduction_continuously_to_s[s_native_v5-0.6]" time="0.088" /><testcase classname="simulation.mujoco.tests.test_s_native_gait" name="test_stop_reverses_adduction_continuously_to_s[s_native_v5-1.2]" time="0.134" /><testcase classname="simulation.mujoco.tests.test_s_native_gait" name="test_stop_reverses_adduction_continuously_to_s[s_native_v6-0.25]" time="0.072" /><testcase classname="simulation.mujoco.tests.test_s_native_gait" name="test_stop_reverses_adduction_continuously_to_s[s_native_v6-0.6]" time="0.099" /><testcase classname="simulation.mujoco.tests.test_s_native_gait" name="test_stop_reverses_adduction_continuously_to_s[s_native_v6-1.2]" time="0.148" /><testcase classname="simulation.mujoco.tests.test_s_native_gait" name="test_stop_reverses_adduction_continuously_to_s[s_native_v6_1-0.25]" time="0.067" /><testcase classname="simulation.mujoco.tests.test_s_native_gait" name="test_stop_reverses_adduction_continuously_to_s[s_native_v6_1-0.6]" time="0.093" /><testcase classname="simulation.mujoco.tests.test_s_native_gait" name="test_stop_reverses_adduction_continuously_to_s[s_native_v6_1-1.2]" time="0.135" /><testcase classname="simulation.mujoco.tests.test_s_native_gait" name="test_v61_stop_places_two_diagonals_at_planned_clearance[0.18]" time="0.200" /><testcase classname="simulation.mujoco.tests.test_s_native_gait" name="test_v61_stop_places_two_diagonals_at_planned_clearance[0.68]" time="0.237" /><testcase classname="simulation.mujoco.tests.test_s_native_firmware" name="test_native_targets_and_servo_limits[command0-8.0]" time="1.338" /><testcase classname="simulation.mujoco.tests.test_s_native_firmware" name="test_native_targets_and_servo_limits[command1-0.0]" time="0.052" /><testcase classname="simulation.mujoco.tests.test_s_native_firmware" name="test_native_targets_and_servo_limits[command2-0.04]" time="0.109" /><testcase classname="simulation.mujoco.tests.test_s_native_firmware" name="test_native_targets_and_servo_limits[command3-0.3]" time="0.129" /><testcase classname="simulation.mujoco.tests.test_s_native_firmware" name="test_native_targets_and_servo_limits[command4-2.0]" time="0.259" /><testcase classname="simulation.mujoco.tests.test_s_native_firmware" name="test_native_targets_and_servo_limits[command5-2.0]" time="0.254" /><testcase classname="simulation.mujoco.tests.test_s_native_firmware" name="test_native_targets_and_servo_limits[command6-2.0]" time="0.275" /><testcase classname="simulation.mujoco.tests.test_s_native_firmware" name="test_native_targets_and_servo_limits[command7-2.0]" time="0.249" /><testcase classname="simulation.mujoco.tests.test_s_native_firmware" name="test_native_targets_and_servo_limits[command8-2.0]" time="0.252" /><testcase classname="simulation.mujoco.tests.test_s_native_firmware" name="test_native_targets_and_servo_limits[command9-2.0]" time="0.268" /><testcase classname="simulation.mujoco.tests.test_s_native_firmware" name="test_native_targets_and_servo_limits[command10-2.0]" time="0.260" /><testcase classname="simulation.mujoco.tests.test_s_native_firmware" name="test_c_kernel_walks_and_returns_to_s_in_mujoco" time="2.887" /><testcase classname="simulation.mujoco.tests.test_s_native_firmware" name="test_native_protocol_turn_matches_actual_body_direction[500-python]" time="3.482" /><testcase classname="simulation.mujoco.tests.test_s_native_firmware" name="test_native_protocol_turn_matches_actual_body_direction[500-c]" time="2.809" /><testcase classname="simulation.mujoco.tests.test_s_native_firmware" name="test_native_protocol_turn_matches_actual_body_direction[-500-python]" time="3.574" /><testcase classname="simulation.mujoco.tests.test_s_native_firmware" name="test_native_protocol_turn_matches_actual_body_direction[-500-c]" time="2.796" /><testcase classname="simulation.mujoco.tests.test_s_native_firmware" name="test_native_heading_reduces_measured_drift_at_user_input[python]" time="7.164" /><testcase classname="simulation.mujoco.tests.test_s_native_firmware" name="test_native_heading_reduces_measured_drift_at_user_input[c]" time="5.644" /><testcase classname="simulation.mujoco.tests.test_s_native_firmware" name="test_native_adduction_matches_physical_motor_directions" time="0.001" /><testcase classname="simulation.mujoco.tests.test_s_native_firmware" name="test_old_conversion_reproduces_front_outward_rear_inward" time="0.006" /><testcase classname="simulation.mujoco.tests.test_s_native_firmware" name="test_only_front_j1_motor_encoding_changes" time="0.000" /><testcase classname="simulation.mujoco.tests.test_s_native_firmware" name="test_bad_native_inputs_are_rejected[0-nan]" time="0.000" /><testcase classname="simulation.mujoco.tests.test_s_native_firmware" name="test_bad_native_inputs_are_rejected[1-1.1]" time="0.000" /><testcase classname="simulation.mujoco.tests.test_s_native_firmware" name="test_bad_native_inputs_are_rejected[2-1.1]" time="0.001" /><testcase classname="simulation.mujoco.tests.test_s_native_firmware" name="test_bad_native_inputs_are_rejected[3-0.6]" time="0.000" /><testcase classname="simulation.mujoco.tests.test_s_native_firmware" name="test_bad_native_inputs_are_rejected[4-inf]" time="0.000" /><testcase classname="simulation.mujoco.tests.test_s_native_firmware" name="test_bad_native_inputs_are_rejected[6-0.1]" time="0.005" /><testcase classname="apps.windows.tests.test_stop_return_simulation" name="test_app_stop_waits_for_v6_1_physical_return" time="3.633" /></testsuite></testsuites>