<?xml version="1.0" encoding="utf-8"?><testsuites name="pytest tests"><testsuite name="pytest" errors="25" failures="0" skipped="0" tests="74" time="10.563" timestamp="2026-09-15T16:25:54.714520+09:00" hostname="sim5080"><testcase classname="simulation.mujoco.tests.test_s_native_firmware" name="test_native_targets_and_servo_limits[command0-8.0]" time="0.002"><error message="failed on setup with &quot;FileNotFoundError: [WinError 3] 지정된 경로를 찾을 수 없습니다: 'D:\\project\\spot_omg\\artifacts\\s-native-v6-1\\yaw-fix-v61\\pytest'&quot;">tmp_path_factory = TempPathFactory(_given_basetemp=WindowsPath('D:/project/spot_omg/artifacts/s-native-v6-1/yaw-fix-v61/pytest'), _trace=&lt;pluggy._tracing.TagTracerSub object at 0x0000011FD8509000&gt;, _basetemp=None, _retention_count=3, _retention_policy='all')

    @pytest.fixture(scope='module')
    def kernel(tmp_path_factory):
&gt;       return load_binding(tmp_path_factory.mktemp('native-c'))

simulation\mujoco\tests\test_s_native_firmware.py:27: 
_ _ _ _ _ _ _ _ _ _ _ _ _ _ _ _ _ _ _ _ _ _ _ _ _ _ _ _ _ _ _ _ _ _ _ _ _ _ _ _
C:\Users\etnlw\miniforge3\envs\spot_omg\lib\site-packages\_pytest\tmpdir.py:131: in mktemp
    basename = self._ensure_relative_to_basetemp(basename)
C:\Users\etnlw\miniforge3\envs\spot_omg\lib\site-packages\_pytest\tmpdir.py:112: in _ensure_relative_to_basetemp
    if (self.getbasetemp() / basename).resolve().parent != self.getbasetemp():
C:\Users\etnlw\miniforge3\envs\spot_omg\lib\site-packages\_pytest\tmpdir.py:153: in getbasetemp
    basetemp.mkdir(mode=0o700)
_ _ _ _ _ _ _ _ _ _ _ _ _ _ _ _ _ _ _ _ _ _ _ _ _ _ _ _ _ _ _ _ _ _ _ _ _ _ _ _

self = WindowsPath('D:/project/spot_omg/artifacts/s-native-v6-1/yaw-fix-v61/pytest')
mode = 448, parents = False, exist_ok = False

    def mkdir(self, mode=0o777, parents=False, exist_ok=False):
        """
        Create a new directory at this given path.
        """
        try:
&gt;           self._accessor.mkdir(self, mode)
E           FileNotFoundError: [WinError 3] 지정된 경로를 찾을 수 없습니다: 'D:\\project\\spot_omg\\artifacts\\s-native-v6-1\\yaw-fix-v61\\pytest'

C:\Users\etnlw\miniforge3\envs\spot_omg\lib\pathlib.py:1175: FileNotFoundError</error></testcase><testcase classname="simulation.mujoco.tests.test_s_native_firmware" name="test_native_targets_and_servo_limits[command1-0.3]" time="0.001"><error message="failed on setup with &quot;FileNotFoundError: [WinError 3] 지정된 경로를 찾을 수 없습니다: 'D:\\project\\spot_omg\\artifacts\\s-native-v6-1\\yaw-fix-v61\\pytest'&quot;">tmp_path_factory = TempPathFactory(_given_basetemp=WindowsPath('D:/project/spot_omg/artifacts/s-native-v6-1/yaw-fix-v61/pytest'), _trace=&lt;pluggy._tracing.TagTracerSub object at 0x0000011FD8509000&gt;, _basetemp=None, _retention_count=3, _retention_policy='all')

    @pytest.fixture(scope='module')
    def kernel(tmp_path_factory):
&gt;       return load_binding(tmp_path_factory.mktemp('native-c'))

simulation\mujoco\tests\test_s_native_firmware.py:27: 
_ _ _ _ _ _ _ _ _ _ _ _ _ _ _ _ _ _ _ _ _ _ _ _ _ _ _ _ _ _ _ _ _ _ _ _ _ _ _ _
C:\Users\etnlw\miniforge3\envs\spot_omg\lib\site-packages\_pytest\tmpdir.py:131: in mktemp
    basename = self._ensure_relative_to_basetemp(basename)
C:\Users\etnlw\miniforge3\envs\spot_omg\lib\site-packages\_pytest\tmpdir.py:112: in _ensure_relative_to_basetemp
    if (self.getbasetemp() / basename).resolve().parent != self.getbasetemp():
C:\Users\etnlw\miniforge3\envs\spot_omg\lib\site-packages\_pytest\tmpdir.py:153: in getbasetemp
    basetemp.mkdir(mode=0o700)
_ _ _ _ _ _ _ _ _ _ _ _ _ _ _ _ _ _ _ _ _ _ _ _ _ _ _ _ _ _ _ _ _ _ _ _ _ _ _ _

self = WindowsPath('D:/project/spot_omg/artifacts/s-native-v6-1/yaw-fix-v61/pytest')
mode = 448, parents = False, exist_ok = False

    def mkdir(self, mode=0o777, parents=False, exist_ok=False):
        """
        Create a new directory at this given path.
        """
        try:
&gt;           self._accessor.mkdir(self, mode)
E           FileNotFoundError: [WinError 3] 지정된 경로를 찾을 수 없습니다: 'D:\\project\\spot_omg\\artifacts\\s-native-v6-1\\yaw-fix-v61\\pytest'

C:\Users\etnlw\miniforge3\envs\spot_omg\lib\pathlib.py:1175: FileNotFoundError</error></testcase><testcase classname="simulation.mujoco.tests.test_s_native_firmware" name="test_native_targets_and_servo_limits[command2-2.0]" time="0.000"><error message="failed on setup with &quot;FileNotFoundError: [WinError 3] 지정된 경로를 찾을 수 없습니다: 'D:\\project\\spot_omg\\artifacts\\s-native-v6-1\\yaw-fix-v61\\pytest'&quot;">tmp_path_factory = TempPathFactory(_given_basetemp=WindowsPath('D:/project/spot_omg/artifacts/s-native-v6-1/yaw-fix-v61/pytest'), _trace=&lt;pluggy._tracing.TagTracerSub object at 0x0000011FD8509000&gt;, _basetemp=None, _retention_count=3, _retention_policy='all')

    @pytest.fixture(scope='module')
    def kernel(tmp_path_factory):
&gt;       return load_binding(tmp_path_factory.mktemp('native-c'))

simulation\mujoco\tests\test_s_native_firmware.py:27: 
_ _ _ _ _ _ _ _ _ _ _ _ _ _ _ _ _ _ _ _ _ _ _ _ _ _ _ _ _ _ _ _ _ _ _ _ _ _ _ _
C:\Users\etnlw\miniforge3\envs\spot_omg\lib\site-packages\_pytest\tmpdir.py:131: in mktemp
    basename = self._ensure_relative_to_basetemp(basename)
C:\Users\etnlw\miniforge3\envs\spot_omg\lib\site-packages\_pytest\tmpdir.py:112: in _ensure_relative_to_basetemp
    if (self.getbasetemp() / basename).resolve().parent != self.getbasetemp():
C:\Users\etnlw\miniforge3\envs\spot_omg\lib\site-packages\_pytest\tmpdir.py:153: in getbasetemp
    basetemp.mkdir(mode=0o700)
_ _ _ _ _ _ _ _ _ _ _ _ _ _ _ _ _ _ _ _ _ _ _ _ _ _ _ _ _ _ _ _ _ _ _ _ _ _ _ _

self = WindowsPath('D:/project/spot_omg/artifacts/s-native-v6-1/yaw-fix-v61/pytest')
mode = 448, parents = False, exist_ok = False

    def mkdir(self, mode=0o777, parents=False, exist_ok=False):
        """
        Create a new directory at this given path.
        """
        try:
&gt;           self._accessor.mkdir(self, mode)
E           FileNotFoundError: [WinError 3] 지정된 경로를 찾을 수 없습니다: 'D:\\project\\spot_omg\\artifacts\\s-native-v6-1\\yaw-fix-v61\\pytest'

C:\Users\etnlw\miniforge3\envs\spot_omg\lib\pathlib.py:1175: FileNotFoundError</error></testcase><testcase classname="simulation.mujoco.tests.test_s_native_firmware" name="test_native_targets_and_servo_limits[command3-2.0]" time="0.000"><error message="failed on setup with &quot;FileNotFoundError: [WinError 3] 지정된 경로를 찾을 수 없습니다: 'D:\\project\\spot_omg\\artifacts\\s-native-v6-1\\yaw-fix-v61\\pytest'&quot;">tmp_path_factory = TempPathFactory(_given_basetemp=WindowsPath('D:/project/spot_omg/artifacts/s-native-v6-1/yaw-fix-v61/pytest'), _trace=&lt;pluggy._tracing.TagTracerSub object at 0x0000011FD8509000&gt;, _basetemp=None, _retention_count=3, _retention_policy='all')

    @pytest.fixture(scope='module')
    def kernel(tmp_path_factory):
&gt;       return load_binding(tmp_path_factory.mktemp('native-c'))

simulation\mujoco\tests\test_s_native_firmware.py:27: 
_ _ _ _ _ _ _ _ _ _ _ _ _ _ _ _ _ _ _ _ _ _ _ _ _ _ _ _ _ _ _ _ _ _ _ _ _ _ _ _
C:\Users\etnlw\miniforge3\envs\spot_omg\lib\site-packages\_pytest\tmpdir.py:131: in mktemp
    basename = self._ensure_relative_to_basetemp(basename)
C:\Users\etnlw\miniforge3\envs\spot_omg\lib\site-packages\_pytest\tmpdir.py:112: in _ensure_relative_to_basetemp
    if (self.getbasetemp() / basename).resolve().parent != self.getbasetemp():
C:\Users\etnlw\miniforge3\envs\spot_omg\lib\site-packages\_pytest\tmpdir.py:153: in getbasetemp
    basetemp.mkdir(mode=0o700)
_ _ _ _ _ _ _ _ _ _ _ _ _ _ _ _ _ _ _ _ _ _ _ _ _ _ _ _ _ _ _ _ _ _ _ _ _ _ _ _

self = WindowsPath('D:/project/spot_omg/artifacts/s-native-v6-1/yaw-fix-v61/pytest')
mode = 448, parents = False, exist_ok = False

    def mkdir(self, mode=0o777, parents=False, exist_ok=False):
        """
        Create a new directory at this given path.
        """
        try:
&gt;           self._accessor.mkdir(self, mode)
E           FileNotFoundError: [WinError 3] 지정된 경로를 찾을 수 없습니다: 'D:\\project\\spot_omg\\artifacts\\s-native-v6-1\\yaw-fix-v61\\pytest'

C:\Users\etnlw\miniforge3\envs\spot_omg\lib\pathlib.py:1175: FileNotFoundError</error></testcase><testcase classname="simulation.mujoco.tests.test_s_native_firmware" name="test_native_targets_and_servo_limits[command4-2.0]" time="0.000"><error message="failed on setup with &quot;FileNotFoundError: [WinError 3] 지정된 경로를 찾을 수 없습니다: 'D:\\project\\spot_omg\\artifacts\\s-native-v6-1\\yaw-fix-v61\\pytest'&quot;">tmp_path_factory = TempPathFactory(_given_basetemp=WindowsPath('D:/project/spot_omg/artifacts/s-native-v6-1/yaw-fix-v61/pytest'), _trace=&lt;pluggy._tracing.TagTracerSub object at 0x0000011FD8509000&gt;, _basetemp=None, _retention_count=3, _retention_policy='all')

    @pytest.fixture(scope='module')
    def kernel(tmp_path_factory):
&gt;       return load_binding(tmp_path_factory.mktemp('native-c'))

simulation\mujoco\tests\test_s_native_firmware.py:27: 
_ _ _ _ _ _ _ _ _ _ _ _ _ _ _ _ _ _ _ _ _ _ _ _ _ _ _ _ _ _ _ _ _ _ _ _ _ _ _ _
C:\Users\etnlw\miniforge3\envs\spot_omg\lib\site-packages\_pytest\tmpdir.py:131: in mktemp
    basename = self._ensure_relative_to_basetemp(basename)
C:\Users\etnlw\miniforge3\envs\spot_omg\lib\site-packages\_pytest\tmpdir.py:112: in _ensure_relative_to_basetemp
    if (self.getbasetemp() / basename).resolve().parent != self.getbasetemp():
C:\Users\etnlw\miniforge3\envs\spot_omg\lib\site-packages\_pytest\tmpdir.py:153: in getbasetemp
    basetemp.mkdir(mode=0o700)
_ _ _ _ _ _ _ _ _ _ _ _ _ _ _ _ _ _ _ _ _ _ _ _ _ _ _ _ _ _ _ _ _ _ _ _ _ _ _ _

self = WindowsPath('D:/project/spot_omg/artifacts/s-native-v6-1/yaw-fix-v61/pytest')
mode = 448, parents = False, exist_ok = False

    def mkdir(self, mode=0o777, parents=False, exist_ok=False):
        """
        Create a new directory at this given path.
        """
        try:
&gt;           self._accessor.mkdir(self, mode)
E           FileNotFoundError: [WinError 3] 지정된 경로를 찾을 수 없습니다: 'D:\\project\\spot_omg\\artifacts\\s-native-v6-1\\yaw-fix-v61\\pytest'

C:\Users\etnlw\miniforge3\envs\spot_omg\lib\pathlib.py:1175: FileNotFoundError</error></testcase><testcase classname="simulation.mujoco.tests.test_s_native_firmware" name="test_native_targets_and_servo_limits[command5-2.0]" time="0.000"><error message="failed on setup with &quot;FileNotFoundError: [WinError 3] 지정된 경로를 찾을 수 없습니다: 'D:\\project\\spot_omg\\artifacts\\s-native-v6-1\\yaw-fix-v61\\pytest'&quot;">tmp_path_factory = TempPathFactory(_given_basetemp=WindowsPath('D:/project/spot_omg/artifacts/s-native-v6-1/yaw-fix-v61/pytest'), _trace=&lt;pluggy._tracing.TagTracerSub object at 0x0000011FD8509000&gt;, _basetemp=None, _retention_count=3, _retention_policy='all')

    @pytest.fixture(scope='module')
    def kernel(tmp_path_factory):
&gt;       return load_binding(tmp_path_factory.mktemp('native-c'))

simulation\mujoco\tests\test_s_native_firmware.py:27: 
_ _ _ _ _ _ _ _ _ _ _ _ _ _ _ _ _ _ _ _ _ _ _ _ _ _ _ _ _ _ _ _ _ _ _ _ _ _ _ _
C:\Users\etnlw\miniforge3\envs\spot_omg\lib\site-packages\_pytest\tmpdir.py:131: in mktemp
    basename = self._ensure_relative_to_basetemp(basename)
C:\Users\etnlw\miniforge3\envs\spot_omg\lib\site-packages\_pytest\tmpdir.py:112: in _ensure_relative_to_basetemp
    if (self.getbasetemp() / basename).resolve().parent != self.getbasetemp():
C:\Users\etnlw\miniforge3\envs\spot_omg\lib\site-packages\_pytest\tmpdir.py:153: in getbasetemp
    basetemp.mkdir(mode=0o700)
_ _ _ _ _ _ _ _ _ _ _ _ _ _ _ _ _ _ _ _ _ _ _ _ _ _ _ _ _ _ _ _ _ _ _ _ _ _ _ _

self = WindowsPath('D:/project/spot_omg/artifacts/s-native-v6-1/yaw-fix-v61/pytest')
mode = 448, parents = False, exist_ok = False

    def mkdir(self, mode=0o777, parents=False, exist_ok=False):
        """
        Create a new directory at this given path.
        """
        try:
&gt;           self._accessor.mkdir(self, mode)
E           FileNotFoundError: [WinError 3] 지정된 경로를 찾을 수 없습니다: 'D:\\project\\spot_omg\\artifacts\\s-native-v6-1\\yaw-fix-v61\\pytest'

C:\Users\etnlw\miniforge3\envs\spot_omg\lib\pathlib.py:1175: FileNotFoundError</error></testcase><testcase classname="simulation.mujoco.tests.test_s_native_firmware" name="test_native_targets_and_servo_limits[command6-2.0]" time="0.000"><error message="failed on setup with &quot;FileNotFoundError: [WinError 3] 지정된 경로를 찾을 수 없습니다: 'D:\\project\\spot_omg\\artifacts\\s-native-v6-1\\yaw-fix-v61\\pytest'&quot;">tmp_path_factory = TempPathFactory(_given_basetemp=WindowsPath('D:/project/spot_omg/artifacts/s-native-v6-1/yaw-fix-v61/pytest'), _trace=&lt;pluggy._tracing.TagTracerSub object at 0x0000011FD8509000&gt;, _basetemp=None, _retention_count=3, _retention_policy='all')

    @pytest.fixture(scope='module')
    def kernel(tmp_path_factory):
&gt;       return load_binding(tmp_path_factory.mktemp('native-c'))

simulation\mujoco\tests\test_s_native_firmware.py:27: 
_ _ _ _ _ _ _ _ _ _ _ _ _ _ _ _ _ _ _ _ _ _ _ _ _ _ _ _ _ _ _ _ _ _ _ _ _ _ _ _
C:\Users\etnlw\miniforge3\envs\spot_omg\lib\site-packages\_pytest\tmpdir.py:131: in mktemp
    basename = self._ensure_relative_to_basetemp(basename)
C:\Users\etnlw\miniforge3\envs\spot_omg\lib\site-packages\_pytest\tmpdir.py:112: in _ensure_relative_to_basetemp
    if (self.getbasetemp() / basename).resolve().parent != self.getbasetemp():
C:\Users\etnlw\miniforge3\envs\spot_omg\lib\site-packages\_pytest\tmpdir.py:153: in getbasetemp
    basetemp.mkdir(mode=0o700)
_ _ _ _ _ _ _ _ _ _ _ _ _ _ _ _ _ _ _ _ _ _ _ _ _ _ _ _ _ _ _ _ _ _ _ _ _ _ _ _

self = WindowsPath('D:/project/spot_omg/artifacts/s-native-v6-1/yaw-fix-v61/pytest')
mode = 448, parents = False, exist_ok = False

    def mkdir(self, mode=0o777, parents=False, exist_ok=False):
        """
        Create a new directory at this given path.
        """
        try:
&gt;           self._accessor.mkdir(self, mode)
E           FileNotFoundError: [WinError 3] 지정된 경로를 찾을 수 없습니다: 'D:\\project\\spot_omg\\artifacts\\s-native-v6-1\\yaw-fix-v61\\pytest'

C:\Users\etnlw\miniforge3\envs\spot_omg\lib\pathlib.py:1175: FileNotFoundError</error></testcase><testcase classname="simulation.mujoco.tests.test_s_native_firmware" name="test_native_targets_and_servo_limits[command7-2.0]" time="0.000"><error message="failed on setup with &quot;FileNotFoundError: [WinError 3] 지정된 경로를 찾을 수 없습니다: 'D:\\project\\spot_omg\\artifacts\\s-native-v6-1\\yaw-fix-v61\\pytest'&quot;">tmp_path_factory = TempPathFactory(_given_basetemp=WindowsPath('D:/project/spot_omg/artifacts/s-native-v6-1/yaw-fix-v61/pytest'), _trace=&lt;pluggy._tracing.TagTracerSub object at 0x0000011FD8509000&gt;, _basetemp=None, _retention_count=3, _retention_policy='all')

    @pytest.fixture(scope='module')
    def kernel(tmp_path_factory):
&gt;       return load_binding(tmp_path_factory.mktemp('native-c'))

simulation\mujoco\tests\test_s_native_firmware.py:27: 
_ _ _ _ _ _ _ _ _ _ _ _ _ _ _ _ _ _ _ _ _ _ _ _ _ _ _ _ _ _ _ _ _ _ _ _ _ _ _ _
C:\Users\etnlw\miniforge3\envs\spot_omg\lib\site-packages\_pytest\tmpdir.py:131: in mktemp
    basename = self._ensure_relative_to_basetemp(basename)
C:\Users\etnlw\miniforge3\envs\spot_omg\lib\site-packages\_pytest\tmpdir.py:112: in _ensure_relative_to_basetemp
    if (self.getbasetemp() / basename).resolve().parent != self.getbasetemp():
C:\Users\etnlw\miniforge3\envs\spot_omg\lib\site-packages\_pytest\tmpdir.py:153: in getbasetemp
    basetemp.mkdir(mode=0o700)
_ _ _ _ _ _ _ _ _ _ _ _ _ _ _ _ _ _ _ _ _ _ _ _ _ _ _ _ _ _ _ _ _ _ _ _ _ _ _ _

self = WindowsPath('D:/project/spot_omg/artifacts/s-native-v6-1/yaw-fix-v61/pytest')
mode = 448, parents = False, exist_ok = False

    def mkdir(self, mode=0o777, parents=False, exist_ok=False):
        """
        Create a new directory at this given path.
        """
        try:
&gt;           self._accessor.mkdir(self, mode)
E           FileNotFoundError: [WinError 3] 지정된 경로를 찾을 수 없습니다: 'D:\\project\\spot_omg\\artifacts\\s-native-v6-1\\yaw-fix-v61\\pytest'

C:\Users\etnlw\miniforge3\envs\spot_omg\lib\pathlib.py:1175: FileNotFoundError</error></testcase><testcase classname="simulation.mujoco.tests.test_s_native_firmware" name="test_native_targets_and_servo_limits[command8-2.0]" time="0.000"><error message="failed on setup with &quot;FileNotFoundError: [WinError 3] 지정된 경로를 찾을 수 없습니다: 'D:\\project\\spot_omg\\artifacts\\s-native-v6-1\\yaw-fix-v61\\pytest'&quot;">tmp_path_factory = TempPathFactory(_given_basetemp=WindowsPath('D:/project/spot_omg/artifacts/s-native-v6-1/yaw-fix-v61/pytest'), _trace=&lt;pluggy._tracing.TagTracerSub object at 0x0000011FD8509000&gt;, _basetemp=None, _retention_count=3, _retention_policy='all')

    @pytest.fixture(scope='module')
    def kernel(tmp_path_factory):
&gt;       return load_binding(tmp_path_factory.mktemp('native-c'))

simulation\mujoco\tests\test_s_native_firmware.py:27: 
_ _ _ _ _ _ _ _ _ _ _ _ _ _ _ _ _ _ _ _ _ _ _ _ _ _ _ _ _ _ _ _ _ _ _ _ _ _ _ _
C:\Users\etnlw\miniforge3\envs\spot_omg\lib\site-packages\_pytest\tmpdir.py:131: in mktemp
    basename = self._ensure_relative_to_basetemp(basename)
C:\Users\etnlw\miniforge3\envs\spot_omg\lib\site-packages\_pytest\tmpdir.py:112: in _ensure_relative_to_basetemp
    if (self.getbasetemp() / basename).resolve().parent != self.getbasetemp():
C:\Users\etnlw\miniforge3\envs\spot_omg\lib\site-packages\_pytest\tmpdir.py:153: in getbasetemp
    basetemp.mkdir(mode=0o700)
_ _ _ _ _ _ _ _ _ _ _ _ _ _ _ _ _ _ _ _ _ _ _ _ _ _ _ _ _ _ _ _ _ _ _ _ _ _ _ _

self = WindowsPath('D:/project/spot_omg/artifacts/s-native-v6-1/yaw-fix-v61/pytest')
mode = 448, parents = False, exist_ok = False

    def mkdir(self, mode=0o777, parents=False, exist_ok=False):
        """
        Create a new directory at this given path.
        """
        try:
&gt;           self._accessor.mkdir(self, mode)
E           FileNotFoundError: [WinError 3] 지정된 경로를 찾을 수 없습니다: 'D:\\project\\spot_omg\\artifacts\\s-native-v6-1\\yaw-fix-v61\\pytest'

C:\Users\etnlw\miniforge3\envs\spot_omg\lib\pathlib.py:1175: FileNotFoundError</error></testcase><testcase classname="simulation.mujoco.tests.test_s_native_firmware" name="test_c_kernel_walks_and_returns_to_s_in_mujoco" time="0.000"><error message="failed on setup with &quot;FileNotFoundError: [WinError 3] 지정된 경로를 찾을 수 없습니다: 'D:\\project\\spot_omg\\artifacts\\s-native-v6-1\\yaw-fix-v61\\pytest'&quot;">tmp_path_factory = TempPathFactory(_given_basetemp=WindowsPath('D:/project/spot_omg/artifacts/s-native-v6-1/yaw-fix-v61/pytest'), _trace=&lt;pluggy._tracing.TagTracerSub object at 0x0000011FD8509000&gt;, _basetemp=None, _retention_count=3, _retention_policy='all')

    @pytest.fixture(scope='module')
    def kernel(tmp_path_factory):
&gt;       return load_binding(tmp_path_factory.mktemp('native-c'))

simulation\mujoco\tests\test_s_native_firmware.py:27: 
_ _ _ _ _ _ _ _ _ _ _ _ _ _ _ _ _ _ _ _ _ _ _ _ _ _ _ _ _ _ _ _ _ _ _ _ _ _ _ _
C:\Users\etnlw\miniforge3\envs\spot_omg\lib\site-packages\_pytest\tmpdir.py:131: in mktemp
    basename = self._ensure_relative_to_basetemp(basename)
C:\Users\etnlw\miniforge3\envs\spot_omg\lib\site-packages\_pytest\tmpdir.py:112: in _ensure_relative_to_basetemp
    if (self.getbasetemp() / basename).resolve().parent != self.getbasetemp():
C:\Users\etnlw\miniforge3\envs\spot_omg\lib\site-packages\_pytest\tmpdir.py:153: in getbasetemp
    basetemp.mkdir(mode=0o700)
_ _ _ _ _ _ _ _ _ _ _ _ _ _ _ _ _ _ _ _ _ _ _ _ _ _ _ _ _ _ _ _ _ _ _ _ _ _ _ _

self = WindowsPath('D:/project/spot_omg/artifacts/s-native-v6-1/yaw-fix-v61/pytest')
mode = 448, parents = False, exist_ok = False

    def mkdir(self, mode=0o777, parents=False, exist_ok=False):
        """
        Create a new directory at this given path.
        """
        try:
&gt;           self._accessor.mkdir(self, mode)
E           FileNotFoundError: [WinError 3] 지정된 경로를 찾을 수 없습니다: 'D:\\project\\spot_omg\\artifacts\\s-native-v6-1\\yaw-fix-v61\\pytest'

C:\Users\etnlw\miniforge3\envs\spot_omg\lib\pathlib.py:1175: FileNotFoundError</error></testcase><testcase classname="simulation.mujoco.tests.test_s_native_firmware" name="test_native_protocol_turn_matches_actual_body_direction[500-python]" time="0.000"><error message="failed on setup with &quot;FileNotFoundError: [WinError 3] 지정된 경로를 찾을 수 없습니다: 'D:\\project\\spot_omg\\artifacts\\s-native-v6-1\\yaw-fix-v61\\pytest'&quot;">tmp_path_factory = TempPathFactory(_given_basetemp=WindowsPath('D:/project/spot_omg/artifacts/s-native-v6-1/yaw-fix-v61/pytest'), _trace=&lt;pluggy._tracing.TagTracerSub object at 0x0000011FD8509000&gt;, _basetemp=None, _retention_count=3, _retention_policy='all')

    @pytest.fixture(scope='module')
    def kernel(tmp_path_factory):
&gt;       return load_binding(tmp_path_factory.mktemp('native-c'))

simulation\mujoco\tests\test_s_native_firmware.py:27: 
_ _ _ _ _ _ _ _ _ _ _ _ _ _ _ _ _ _ _ _ _ _ _ _ _ _ _ _ _ _ _ _ _ _ _ _ _ _ _ _
C:\Users\etnlw\miniforge3\envs\spot_omg\lib\site-packages\_pytest\tmpdir.py:131: in mktemp
    basename = self._ensure_relative_to_basetemp(basename)
C:\Users\etnlw\miniforge3\envs\spot_omg\lib\site-packages\_pytest\tmpdir.py:112: in _ensure_relative_to_basetemp
    if (self.getbasetemp() / basename).resolve().parent != self.getbasetemp():
C:\Users\etnlw\miniforge3\envs\spot_omg\lib\site-packages\_pytest\tmpdir.py:153: in getbasetemp
    basetemp.mkdir(mode=0o700)
_ _ _ _ _ _ _ _ _ _ _ _ _ _ _ _ _ _ _ _ _ _ _ _ _ _ _ _ _ _ _ _ _ _ _ _ _ _ _ _

self = WindowsPath('D:/project/spot_omg/artifacts/s-native-v6-1/yaw-fix-v61/pytest')
mode = 448, parents = False, exist_ok = False

    def mkdir(self, mode=0o777, parents=False, exist_ok=False):
        """
        Create a new directory at this given path.
        """
        try:
&gt;           self._accessor.mkdir(self, mode)
E           FileNotFoundError: [WinError 3] 지정된 경로를 찾을 수 없습니다: 'D:\\project\\spot_omg\\artifacts\\s-native-v6-1\\yaw-fix-v61\\pytest'

C:\Users\etnlw\miniforge3\envs\spot_omg\lib\pathlib.py:1175: FileNotFoundError</error></testcase><testcase classname="simulation.mujoco.tests.test_s_native_firmware" name="test_native_protocol_turn_matches_actual_body_direction[500-c]" time="0.000"><error message="failed on setup with &quot;FileNotFoundError: [WinError 3] 지정된 경로를 찾을 수 없습니다: 'D:\\project\\spot_omg\\artifacts\\s-native-v6-1\\yaw-fix-v61\\pytest'&quot;">tmp_path_factory = TempPathFactory(_given_basetemp=WindowsPath('D:/project/spot_omg/artifacts/s-native-v6-1/yaw-fix-v61/pytest'), _trace=&lt;pluggy._tracing.TagTracerSub object at 0x0000011FD8509000&gt;, _basetemp=None, _retention_count=3, _retention_policy='all')

    @pytest.fixture(scope='module')
    def kernel(tmp_path_factory):
&gt;       return load_binding(tmp_path_factory.mktemp('native-c'))

simulation\mujoco\tests\test_s_native_firmware.py:27: 
_ _ _ _ _ _ _ _ _ _ _ _ _ _ _ _ _ _ _ _ _ _ _ _ _ _ _ _ _ _ _ _ _ _ _ _ _ _ _ _
C:\Users\etnlw\miniforge3\envs\spot_omg\lib\site-packages\_pytest\tmpdir.py:131: in mktemp
    basename = self._ensure_relative_to_basetemp(basename)
C:\Users\etnlw\miniforge3\envs\spot_omg\lib\site-packages\_pytest\tmpdir.py:112: in _ensure_relative_to_basetemp
    if (self.getbasetemp() / basename).resolve().parent != self.getbasetemp():
C:\Users\etnlw\miniforge3\envs\spot_omg\lib\site-packages\_pytest\tmpdir.py:153: in getbasetemp
    basetemp.mkdir(mode=0o700)
_ _ _ _ _ _ _ _ _ _ _ _ _ _ _ _ _ _ _ _ _ _ _ _ _ _ _ _ _ _ _ _ _ _ _ _ _ _ _ _

self = WindowsPath('D:/project/spot_omg/artifacts/s-native-v6-1/yaw-fix-v61/pytest')
mode = 448, parents = False, exist_ok = False

    def mkdir(self, mode=0o777, parents=False, exist_ok=False):
        """
        Create a new directory at this given path.
        """
        try:
&gt;           self._accessor.mkdir(self, mode)
E           FileNotFoundError: [WinError 3] 지정된 경로를 찾을 수 없습니다: 'D:\\project\\spot_omg\\artifacts\\s-native-v6-1\\yaw-fix-v61\\pytest'

C:\Users\etnlw\miniforge3\envs\spot_omg\lib\pathlib.py:1175: FileNotFoundError</error></testcase><testcase classname="simulation.mujoco.tests.test_s_native_firmware" name="test_native_protocol_turn_matches_actual_body_direction[-500-python]" time="0.000"><error message="failed on setup with &quot;FileNotFoundError: [WinError 3] 지정된 경로를 찾을 수 없습니다: 'D:\\project\\spot_omg\\artifacts\\s-native-v6-1\\yaw-fix-v61\\pytest'&quot;">tmp_path_factory = TempPathFactory(_given_basetemp=WindowsPath('D:/project/spot_omg/artifacts/s-native-v6-1/yaw-fix-v61/pytest'), _trace=&lt;pluggy._tracing.TagTracerSub object at 0x0000011FD8509000&gt;, _basetemp=None, _retention_count=3, _retention_policy='all')

    @pytest.fixture(scope='module')
    def kernel(tmp_path_factory):
&gt;       return load_binding(tmp_path_factory.mktemp('native-c'))

simulation\mujoco\tests\test_s_native_firmware.py:27: 
_ _ _ _ _ _ _ _ _ _ _ _ _ _ _ _ _ _ _ _ _ _ _ _ _ _ _ _ _ _ _ _ _ _ _ _ _ _ _ _
C:\Users\etnlw\miniforge3\envs\spot_omg\lib\site-packages\_pytest\tmpdir.py:131: in mktemp
    basename = self._ensure_relative_to_basetemp(basename)
C:\Users\etnlw\miniforge3\envs\spot_omg\lib\site-packages\_pytest\tmpdir.py:112: in _ensure_relative_to_basetemp
    if (self.getbasetemp() / basename).resolve().parent != self.getbasetemp():
C:\Users\etnlw\miniforge3\envs\spot_omg\lib\site-packages\_pytest\tmpdir.py:153: in getbasetemp
    basetemp.mkdir(mode=0o700)
_ _ _ _ _ _ _ _ _ _ _ _ _ _ _ _ _ _ _ _ _ _ _ _ _ _ _ _ _ _ _ _ _ _ _ _ _ _ _ _

self = WindowsPath('D:/project/spot_omg/artifacts/s-native-v6-1/yaw-fix-v61/pytest')
mode = 448, parents = False, exist_ok = False

    def mkdir(self, mode=0o777, parents=False, exist_ok=False):
        """
        Create a new directory at this given path.
        """
        try:
&gt;           self._accessor.mkdir(self, mode)
E           FileNotFoundError: [WinError 3] 지정된 경로를 찾을 수 없습니다: 'D:\\project\\spot_omg\\artifacts\\s-native-v6-1\\yaw-fix-v61\\pytest'

C:\Users\etnlw\miniforge3\envs\spot_omg\lib\pathlib.py:1175: FileNotFoundError</error></testcase><testcase classname="simulation.mujoco.tests.test_s_native_firmware" name="test_native_protocol_turn_matches_actual_body_direction[-500-c]" time="0.000"><error message="failed on setup with &quot;FileNotFoundError: [WinError 3] 지정된 경로를 찾을 수 없습니다: 'D:\\project\\spot_omg\\artifacts\\s-native-v6-1\\yaw-fix-v61\\pytest'&quot;">tmp_path_factory = TempPathFactory(_given_basetemp=WindowsPath('D:/project/spot_omg/artifacts/s-native-v6-1/yaw-fix-v61/pytest'), _trace=&lt;pluggy._tracing.TagTracerSub object at 0x0000011FD8509000&gt;, _basetemp=None, _retention_count=3, _retention_policy='all')

    @pytest.fixture(scope='module')
    def kernel(tmp_path_factory):
&gt;       return load_binding(tmp_path_factory.mktemp('native-c'))

simulation\mujoco\tests\test_s_native_firmware.py:27: 
_ _ _ _ _ _ _ _ _ _ _ _ _ _ _ _ _ _ _ _ _ _ _ _ _ _ _ _ _ _ _ _ _ _ _ _ _ _ _ _
C:\Users\etnlw\miniforge3\envs\spot_omg\lib\site-packages\_pytest\tmpdir.py:131: in mktemp
    basename = self._ensure_relative_to_basetemp(basename)
C:\Users\etnlw\miniforge3\envs\spot_omg\lib\site-packages\_pytest\tmpdir.py:112: in _ensure_relative_to_basetemp
    if (self.getbasetemp() / basename).resolve().parent != self.getbasetemp():
C:\Users\etnlw\miniforge3\envs\spot_omg\lib\site-packages\_pytest\tmpdir.py:153: in getbasetemp
    basetemp.mkdir(mode=0o700)
_ _ _ _ _ _ _ _ _ _ _ _ _ _ _ _ _ _ _ _ _ _ _ _ _ _ _ _ _ _ _ _ _ _ _ _ _ _ _ _

self = WindowsPath('D:/project/spot_omg/artifacts/s-native-v6-1/yaw-fix-v61/pytest')
mode = 448, parents = False, exist_ok = False

    def mkdir(self, mode=0o777, parents=False, exist_ok=False):
        """
        Create a new directory at this given path.
        """
        try:
&gt;           self._accessor.mkdir(self, mode)
E           FileNotFoundError: [WinError 3] 지정된 경로를 찾을 수 없습니다: 'D:\\project\\spot_omg\\artifacts\\s-native-v6-1\\yaw-fix-v61\\pytest'

C:\Users\etnlw\miniforge3\envs\spot_omg\lib\pathlib.py:1175: FileNotFoundError</error></testcase><testcase classname="simulation.mujoco.tests.test_s_native_firmware" name="test_native_heading_reduces_measured_drift_at_user_input[python]" time="0.000"><error message="failed on setup with &quot;FileNotFoundError: [WinError 3] 지정된 경로를 찾을 수 없습니다: 'D:\\project\\spot_omg\\artifacts\\s-native-v6-1\\yaw-fix-v61\\pytest'&quot;">tmp_path_factory = TempPathFactory(_given_basetemp=WindowsPath('D:/project/spot_omg/artifacts/s-native-v6-1/yaw-fix-v61/pytest'), _trace=&lt;pluggy._tracing.TagTracerSub object at 0x0000011FD8509000&gt;, _basetemp=None, _retention_count=3, _retention_policy='all')

    @pytest.fixture(scope='module')
    def kernel(tmp_path_factory):
&gt;       return load_binding(tmp_path_factory.mktemp('native-c'))

simulation\mujoco\tests\test_s_native_firmware.py:27: 
_ _ _ _ _ _ _ _ _ _ _ _ _ _ _ _ _ _ _ _ _ _ _ _ _ _ _ _ _ _ _ _ _ _ _ _ _ _ _ _
C:\Users\etnlw\miniforge3\envs\spot_omg\lib\site-packages\_pytest\tmpdir.py:131: in mktemp
    basename = self._ensure_relative_to_basetemp(basename)
C:\Users\etnlw\miniforge3\envs\spot_omg\lib\site-packages\_pytest\tmpdir.py:112: in _ensure_relative_to_basetemp
    if (self.getbasetemp() / basename).resolve().parent != self.getbasetemp():
C:\Users\etnlw\miniforge3\envs\spot_omg\lib\site-packages\_pytest\tmpdir.py:153: in getbasetemp
    basetemp.mkdir(mode=0o700)
_ _ _ _ _ _ _ _ _ _ _ _ _ _ _ _ _ _ _ _ _ _ _ _ _ _ _ _ _ _ _ _ _ _ _ _ _ _ _ _

self = WindowsPath('D:/project/spot_omg/artifacts/s-native-v6-1/yaw-fix-v61/pytest')
mode = 448, parents = False, exist_ok = False

    def mkdir(self, mode=0o777, parents=False, exist_ok=False):
        """
        Create a new directory at this given path.
        """
        try:
&gt;           self._accessor.mkdir(self, mode)
E           FileNotFoundError: [WinError 3] 지정된 경로를 찾을 수 없습니다: 'D:\\project\\spot_omg\\artifacts\\s-native-v6-1\\yaw-fix-v61\\pytest'

C:\Users\etnlw\miniforge3\envs\spot_omg\lib\pathlib.py:1175: FileNotFoundError</error></testcase><testcase classname="simulation.mujoco.tests.test_s_native_firmware" name="test_native_heading_reduces_measured_drift_at_user_input[c]" time="0.000"><error message="failed on setup with &quot;FileNotFoundError: [WinError 3] 지정된 경로를 찾을 수 없습니다: 'D:\\project\\spot_omg\\artifacts\\s-native-v6-1\\yaw-fix-v61\\pytest'&quot;">tmp_path_factory = TempPathFactory(_given_basetemp=WindowsPath('D:/project/spot_omg/artifacts/s-native-v6-1/yaw-fix-v61/pytest'), _trace=&lt;pluggy._tracing.TagTracerSub object at 0x0000011FD8509000&gt;, _basetemp=None, _retention_count=3, _retention_policy='all')

    @pytest.fixture(scope='module')
    def kernel(tmp_path_factory):
&gt;       return load_binding(tmp_path_factory.mktemp('native-c'))

simulation\mujoco\tests\test_s_native_firmware.py:27: 
_ _ _ _ _ _ _ _ _ _ _ _ _ _ _ _ _ _ _ _ _ _ _ _ _ _ _ _ _ _ _ _ _ _ _ _ _ _ _ _
C:\Users\etnlw\miniforge3\envs\spot_omg\lib\site-packages\_pytest\tmpdir.py:131: in mktemp
    basename = self._ensure_relative_to_basetemp(basename)
C:\Users\etnlw\miniforge3\envs\spot_omg\lib\site-packages\_pytest\tmpdir.py:112: in _ensure_relative_to_basetemp
    if (self.getbasetemp() / basename).resolve().parent != self.getbasetemp():
C:\Users\etnlw\miniforge3\envs\spot_omg\lib\site-packages\_pytest\tmpdir.py:153: in getbasetemp
    basetemp.mkdir(mode=0o700)
_ _ _ _ _ _ _ _ _ _ _ _ _ _ _ _ _ _ _ _ _ _ _ _ _ _ _ _ _ _ _ _ _ _ _ _ _ _ _ _

self = WindowsPath('D:/project/spot_omg/artifacts/s-native-v6-1/yaw-fix-v61/pytest')
mode = 448, parents = False, exist_ok = False

    def mkdir(self, mode=0o777, parents=False, exist_ok=False):
        """
        Create a new directory at this given path.
        """
        try:
&gt;           self._accessor.mkdir(self, mode)
E           FileNotFoundError: [WinError 3] 지정된 경로를 찾을 수 없습니다: 'D:\\project\\spot_omg\\artifacts\\s-native-v6-1\\yaw-fix-v61\\pytest'

C:\Users\etnlw\miniforge3\envs\spot_omg\lib\pathlib.py:1175: FileNotFoundError</error></testcase><testcase classname="simulation.mujoco.tests.test_s_native_firmware" name="test_native_adduction_matches_physical_motor_directions" time="0.000"><error message="failed on setup with &quot;FileNotFoundError: [WinError 3] 지정된 경로를 찾을 수 없습니다: 'D:\\project\\spot_omg\\artifacts\\s-native-v6-1\\yaw-fix-v61\\pytest'&quot;">tmp_path_factory = TempPathFactory(_given_basetemp=WindowsPath('D:/project/spot_omg/artifacts/s-native-v6-1/yaw-fix-v61/pytest'), _trace=&lt;pluggy._tracing.TagTracerSub object at 0x0000011FD8509000&gt;, _basetemp=None, _retention_count=3, _retention_policy='all')

    @pytest.fixture(scope='module')
    def kernel(tmp_path_factory):
&gt;       return load_binding(tmp_path_factory.mktemp('native-c'))

simulation\mujoco\tests\test_s_native_firmware.py:27: 
_ _ _ _ _ _ _ _ _ _ _ _ _ _ _ _ _ _ _ _ _ _ _ _ _ _ _ _ _ _ _ _ _ _ _ _ _ _ _ _
C:\Users\etnlw\miniforge3\envs\spot_omg\lib\site-packages\_pytest\tmpdir.py:131: in mktemp
    basename = self._ensure_relative_to_basetemp(basename)
C:\Users\etnlw\miniforge3\envs\spot_omg\lib\site-packages\_pytest\tmpdir.py:112: in _ensure_relative_to_basetemp
    if (self.getbasetemp() / basename).resolve().parent != self.getbasetemp():
C:\Users\etnlw\miniforge3\envs\spot_omg\lib\site-packages\_pytest\tmpdir.py:153: in getbasetemp
    basetemp.mkdir(mode=0o700)
_ _ _ _ _ _ _ _ _ _ _ _ _ _ _ _ _ _ _ _ _ _ _ _ _ _ _ _ _ _ _ _ _ _ _ _ _ _ _ _

self = WindowsPath('D:/project/spot_omg/artifacts/s-native-v6-1/yaw-fix-v61/pytest')
mode = 448, parents = False, exist_ok = False

    def mkdir(self, mode=0o777, parents=False, exist_ok=False):
        """
        Create a new directory at this given path.
        """
        try:
&gt;           self._accessor.mkdir(self, mode)
E           FileNotFoundError: [WinError 3] 지정된 경로를 찾을 수 없습니다: 'D:\\project\\spot_omg\\artifacts\\s-native-v6-1\\yaw-fix-v61\\pytest'

C:\Users\etnlw\miniforge3\envs\spot_omg\lib\pathlib.py:1175: FileNotFoundError</error></testcase><testcase classname="simulation.mujoco.tests.test_s_native_firmware" name="test_old_conversion_reproduces_front_outward_rear_inward" time="0.000"><error message="failed on setup with &quot;FileNotFoundError: [WinError 3] 지정된 경로를 찾을 수 없습니다: 'D:\\project\\spot_omg\\artifacts\\s-native-v6-1\\yaw-fix-v61\\pytest'&quot;">tmp_path_factory = TempPathFactory(_given_basetemp=WindowsPath('D:/project/spot_omg/artifacts/s-native-v6-1/yaw-fix-v61/pytest'), _trace=&lt;pluggy._tracing.TagTracerSub object at 0x0000011FD8509000&gt;, _basetemp=None, _retention_count=3, _retention_policy='all')

    @pytest.fixture(scope='module')
    def kernel(tmp_path_factory):
&gt;       return load_binding(tmp_path_factory.mktemp('native-c'))

simulation\mujoco\tests\test_s_native_firmware.py:27: 
_ _ _ _ _ _ _ _ _ _ _ _ _ _ _ _ _ _ _ _ _ _ _ _ _ _ _ _ _ _ _ _ _ _ _ _ _ _ _ _
C:\Users\etnlw\miniforge3\envs\spot_omg\lib\site-packages\_pytest\tmpdir.py:131: in mktemp
    basename = self._ensure_relative_to_basetemp(basename)
C:\Users\etnlw\miniforge3\envs\spot_omg\lib\site-packages\_pytest\tmpdir.py:112: in _ensure_relative_to_basetemp
    if (self.getbasetemp() / basename).resolve().parent != self.getbasetemp():
C:\Users\etnlw\miniforge3\envs\spot_omg\lib\site-packages\_pytest\tmpdir.py:153: in getbasetemp
    basetemp.mkdir(mode=0o700)
_ _ _ _ _ _ _ _ _ _ _ _ _ _ _ _ _ _ _ _ _ _ _ _ _ _ _ _ _ _ _ _ _ _ _ _ _ _ _ _

self = WindowsPath('D:/project/spot_omg/artifacts/s-native-v6-1/yaw-fix-v61/pytest')
mode = 448, parents = False, exist_ok = False

    def mkdir(self, mode=0o777, parents=False, exist_ok=False):
        """
        Create a new directory at this given path.
        """
        try:
&gt;           self._accessor.mkdir(self, mode)
E           FileNotFoundError: [WinError 3] 지정된 경로를 찾을 수 없습니다: 'D:\\project\\spot_omg\\artifacts\\s-native-v6-1\\yaw-fix-v61\\pytest'

C:\Users\etnlw\miniforge3\envs\spot_omg\lib\pathlib.py:1175: FileNotFoundError</error></testcase><testcase classname="simulation.mujoco.tests.test_s_native_firmware" name="test_only_front_j1_motor_encoding_changes" time="0.000"><error message="failed on setup with &quot;FileNotFoundError: [WinError 3] 지정된 경로를 찾을 수 없습니다: 'D:\\project\\spot_omg\\artifacts\\s-native-v6-1\\yaw-fix-v61\\pytest'&quot;">tmp_path_factory = TempPathFactory(_given_basetemp=WindowsPath('D:/project/spot_omg/artifacts/s-native-v6-1/yaw-fix-v61/pytest'), _trace=&lt;pluggy._tracing.TagTracerSub object at 0x0000011FD8509000&gt;, _basetemp=None, _retention_count=3, _retention_policy='all')

    @pytest.fixture(scope='module')
    def kernel(tmp_path_factory):
&gt;       return load_binding(tmp_path_factory.mktemp('native-c'))

simulation\mujoco\tests\test_s_native_firmware.py:27: 
_ _ _ _ _ _ _ _ _ _ _ _ _ _ _ _ _ _ _ _ _ _ _ _ _ _ _ _ _ _ _ _ _ _ _ _ _ _ _ _
C:\Users\etnlw\miniforge3\envs\spot_omg\lib\site-packages\_pytest\tmpdir.py:131: in mktemp
    basename = self._ensure_relative_to_basetemp(basename)
C:\Users\etnlw\miniforge3\envs\spot_omg\lib\site-packages\_pytest\tmpdir.py:112: in _ensure_relative_to_basetemp
    if (self.getbasetemp() / basename).resolve().parent != self.getbasetemp():
C:\Users\etnlw\miniforge3\envs\spot_omg\lib\site-packages\_pytest\tmpdir.py:153: in getbasetemp
    basetemp.mkdir(mode=0o700)
_ _ _ _ _ _ _ _ _ _ _ _ _ _ _ _ _ _ _ _ _ _ _ _ _ _ _ _ _ _ _ _ _ _ _ _ _ _ _ _

self = WindowsPath('D:/project/spot_omg/artifacts/s-native-v6-1/yaw-fix-v61/pytest')
mode = 448, parents = False, exist_ok = False

    def mkdir(self, mode=0o777, parents=False, exist_ok=False):
        """
        Create a new directory at this given path.
        """
        try:
&gt;           self._accessor.mkdir(self, mode)
E           FileNotFoundError: [WinError 3] 지정된 경로를 찾을 수 없습니다: 'D:\\project\\spot_omg\\artifacts\\s-native-v6-1\\yaw-fix-v61\\pytest'

C:\Users\etnlw\miniforge3\envs\spot_omg\lib\pathlib.py:1175: FileNotFoundError</error></testcase><testcase classname="simulation.mujoco.tests.test_s_native_firmware" name="test_bad_native_inputs_are_rejected[0-nan]" time="0.000"><error message="failed on setup with &quot;FileNotFoundError: [WinError 3] 지정된 경로를 찾을 수 없습니다: 'D:\\project\\spot_omg\\artifacts\\s-native-v6-1\\yaw-fix-v61\\pytest'&quot;">tmp_path_factory = TempPathFactory(_given_basetemp=WindowsPath('D:/project/spot_omg/artifacts/s-native-v6-1/yaw-fix-v61/pytest'), _trace=&lt;pluggy._tracing.TagTracerSub object at 0x0000011FD8509000&gt;, _basetemp=None, _retention_count=3, _retention_policy='all')

    @pytest.fixture(scope='module')
    def kernel(tmp_path_factory):
&gt;       return load_binding(tmp_path_factory.mktemp('native-c'))

simulation\mujoco\tests\test_s_native_firmware.py:27: 
_ _ _ _ _ _ _ _ _ _ _ _ _ _ _ _ _ _ _ _ _ _ _ _ _ _ _ _ _ _ _ _ _ _ _ _ _ _ _ _
C:\Users\etnlw\miniforge3\envs\spot_omg\lib\site-packages\_pytest\tmpdir.py:131: in mktemp
    basename = self._ensure_relative_to_basetemp(basename)
C:\Users\etnlw\miniforge3\envs\spot_omg\lib\site-packages\_pytest\tmpdir.py:112: in _ensure_relative_to_basetemp
    if (self.getbasetemp() / basename).resolve().parent != self.getbasetemp():
C:\Users\etnlw\miniforge3\envs\spot_omg\lib\site-packages\_pytest\tmpdir.py:153: in getbasetemp
    basetemp.mkdir(mode=0o700)
_ _ _ _ _ _ _ _ _ _ _ _ _ _ _ _ _ _ _ _ _ _ _ _ _ _ _ _ _ _ _ _ _ _ _ _ _ _ _ _

self = WindowsPath('D:/project/spot_omg/artifacts/s-native-v6-1/yaw-fix-v61/pytest')
mode = 448, parents = False, exist_ok = False

    def mkdir(self, mode=0o777, parents=False, exist_ok=False):
        """
        Create a new directory at this given path.
        """
        try:
&gt;           self._accessor.mkdir(self, mode)
E           FileNotFoundError: [WinError 3] 지정된 경로를 찾을 수 없습니다: 'D:\\project\\spot_omg\\artifacts\\s-native-v6-1\\yaw-fix-v61\\pytest'

C:\Users\etnlw\miniforge3\envs\spot_omg\lib\pathlib.py:1175: FileNotFoundError</error></testcase><testcase classname="simulation.mujoco.tests.test_s_native_firmware" name="test_bad_native_inputs_are_rejected[1-1.1]" time="0.000"><error message="failed on setup with &quot;FileNotFoundError: [WinError 3] 지정된 경로를 찾을 수 없습니다: 'D:\\project\\spot_omg\\artifacts\\s-native-v6-1\\yaw-fix-v61\\pytest'&quot;">tmp_path_factory = TempPathFactory(_given_basetemp=WindowsPath('D:/project/spot_omg/artifacts/s-native-v6-1/yaw-fix-v61/pytest'), _trace=&lt;pluggy._tracing.TagTracerSub object at 0x0000011FD8509000&gt;, _basetemp=None, _retention_count=3, _retention_policy='all')

    @pytest.fixture(scope='module')
    def kernel(tmp_path_factory):
&gt;       return load_binding(tmp_path_factory.mktemp('native-c'))

simulation\mujoco\tests\test_s_native_firmware.py:27: 
_ _ _ _ _ _ _ _ _ _ _ _ _ _ _ _ _ _ _ _ _ _ _ _ _ _ _ _ _ _ _ _ _ _ _ _ _ _ _ _
C:\Users\etnlw\miniforge3\envs\spot_omg\lib\site-packages\_pytest\tmpdir.py:131: in mktemp
    basename = self._ensure_relative_to_basetemp(basename)
C:\Users\etnlw\miniforge3\envs\spot_omg\lib\site-packages\_pytest\tmpdir.py:112: in _ensure_relative_to_basetemp
    if (self.getbasetemp() / basename).resolve().parent != self.getbasetemp():
C:\Users\etnlw\miniforge3\envs\spot_omg\lib\site-packages\_pytest\tmpdir.py:153: in getbasetemp
    basetemp.mkdir(mode=0o700)
_ _ _ _ _ _ _ _ _ _ _ _ _ _ _ _ _ _ _ _ _ _ _ _ _ _ _ _ _ _ _ _ _ _ _ _ _ _ _ _

self = WindowsPath('D:/project/spot_omg/artifacts/s-native-v6-1/yaw-fix-v61/pytest')
mode = 448, parents = False, exist_ok = False

    def mkdir(self, mode=0o777, parents=False, exist_ok=False):
        """
        Create a new directory at this given path.
        """
        try:
&gt;           self._accessor.mkdir(self, mode)
E           FileNotFoundError: [WinError 3] 지정된 경로를 찾을 수 없습니다: 'D:\\project\\spot_omg\\artifacts\\s-native-v6-1\\yaw-fix-v61\\pytest'

C:\Users\etnlw\miniforge3\envs\spot_omg\lib\pathlib.py:1175: FileNotFoundError</error></testcase><testcase classname="simulation.mujoco.tests.test_s_native_firmware" name="test_bad_native_inputs_are_rejected[2-1.1]" time="0.000"><error message="failed on setup with &quot;FileNotFoundError: [WinError 3] 지정된 경로를 찾을 수 없습니다: 'D:\\project\\spot_omg\\artifacts\\s-native-v6-1\\yaw-fix-v61\\pytest'&quot;">tmp_path_factory = TempPathFactory(_given_basetemp=WindowsPath('D:/project/spot_omg/artifacts/s-native-v6-1/yaw-fix-v61/pytest'), _trace=&lt;pluggy._tracing.TagTracerSub object at 0x0000011FD8509000&gt;, _basetemp=None, _retention_count=3, _retention_policy='all')

    @pytest.fixture(scope='module')
    def kernel(tmp_path_factory):
&gt;       return load_binding(tmp_path_factory.mktemp('native-c'))

simulation\mujoco\tests\test_s_native_firmware.py:27: 
_ _ _ _ _ _ _ _ _ _ _ _ _ _ _ _ _ _ _ _ _ _ _ _ _ _ _ _ _ _ _ _ _ _ _ _ _ _ _ _
C:\Users\etnlw\miniforge3\envs\spot_omg\lib\site-packages\_pytest\tmpdir.py:131: in mktemp
    basename = self._ensure_relative_to_basetemp(basename)
C:\Users\etnlw\miniforge3\envs\spot_omg\lib\site-packages\_pytest\tmpdir.py:112: in _ensure_relative_to_basetemp
    if (self.getbasetemp() / basename).resolve().parent != self.getbasetemp():
C:\Users\etnlw\miniforge3\envs\spot_omg\lib\site-packages\_pytest\tmpdir.py:153: in getbasetemp
    basetemp.mkdir(mode=0o700)
_ _ _ _ _ _ _ _ _ _ _ _ _ _ _ _ _ _ _ _ _ _ _ _ _ _ _ _ _ _ _ _ _ _ _ _ _ _ _ _

self = WindowsPath('D:/project/spot_omg/artifacts/s-native-v6-1/yaw-fix-v61/pytest')
mode = 448, parents = False, exist_ok = False

    def mkdir(self, mode=0o777, parents=False, exist_ok=False):
        """
        Create a new directory at this given path.
        """
        try:
&gt;           self._accessor.mkdir(self, mode)
E           FileNotFoundError: [WinError 3] 지정된 경로를 찾을 수 없습니다: 'D:\\project\\spot_omg\\artifacts\\s-native-v6-1\\yaw-fix-v61\\pytest'

C:\Users\etnlw\miniforge3\envs\spot_omg\lib\pathlib.py:1175: FileNotFoundError</error></testcase><testcase classname="simulation.mujoco.tests.test_s_native_firmware" name="test_bad_native_inputs_are_rejected[3-0.6]" time="0.000"><error message="failed on setup with &quot;FileNotFoundError: [WinError 3] 지정된 경로를 찾을 수 없습니다: 'D:\\project\\spot_omg\\artifacts\\s-native-v6-1\\yaw-fix-v61\\pytest'&quot;">tmp_path_factory = TempPathFactory(_given_basetemp=WindowsPath('D:/project/spot_omg/artifacts/s-native-v6-1/yaw-fix-v61/pytest'), _trace=&lt;pluggy._tracing.TagTracerSub object at 0x0000011FD8509000&gt;, _basetemp=None, _retention_count=3, _retention_policy='all')

    @pytest.fixture(scope='module')
    def kernel(tmp_path_factory):
&gt;       return load_binding(tmp_path_factory.mktemp('native-c'))

simulation\mujoco\tests\test_s_native_firmware.py:27: 
_ _ _ _ _ _ _ _ _ _ _ _ _ _ _ _ _ _ _ _ _ _ _ _ _ _ _ _ _ _ _ _ _ _ _ _ _ _ _ _
C:\Users\etnlw\miniforge3\envs\spot_omg\lib\site-packages\_pytest\tmpdir.py:131: in mktemp
    basename = self._ensure_relative_to_basetemp(basename)
C:\Users\etnlw\miniforge3\envs\spot_omg\lib\site-packages\_pytest\tmpdir.py:112: in _ensure_relative_to_basetemp
    if (self.getbasetemp() / basename).resolve().parent != self.getbasetemp():
C:\Users\etnlw\miniforge3\envs\spot_omg\lib\site-packages\_pytest\tmpdir.py:153: in getbasetemp
    basetemp.mkdir(mode=0o700)
_ _ _ _ _ _ _ _ _ _ _ _ _ _ _ _ _ _ _ _ _ _ _ _ _ _ _ _ _ _ _ _ _ _ _ _ _ _ _ _

self = WindowsPath('D:/project/spot_omg/artifacts/s-native-v6-1/yaw-fix-v61/pytest')
mode = 448, parents = False, exist_ok = False

    def mkdir(self, mode=0o777, parents=False, exist_ok=False):
        """
        Create a new directory at this given path.
        """
        try:
&gt;           self._accessor.mkdir(self, mode)
E           FileNotFoundError: [WinError 3] 지정된 경로를 찾을 수 없습니다: 'D:\\project\\spot_omg\\artifacts\\s-native-v6-1\\yaw-fix-v61\\pytest'

C:\Users\etnlw\miniforge3\envs\spot_omg\lib\pathlib.py:1175: FileNotFoundError</error></testcase><testcase classname="simulation.mujoco.tests.test_s_native_firmware" name="test_bad_native_inputs_are_rejected[4-inf]" time="0.000"><error message="failed on setup with &quot;FileNotFoundError: [WinError 3] 지정된 경로를 찾을 수 없습니다: 'D:\\project\\spot_omg\\artifacts\\s-native-v6-1\\yaw-fix-v61\\pytest'&quot;">tmp_path_factory = TempPathFactory(_given_basetemp=WindowsPath('D:/project/spot_omg/artifacts/s-native-v6-1/yaw-fix-v61/pytest'), _trace=&lt;pluggy._tracing.TagTracerSub object at 0x0000011FD8509000&gt;, _basetemp=None, _retention_count=3, _retention_policy='all')

    @pytest.fixture(scope='module')
    def kernel(tmp_path_factory):
&gt;       return load_binding(tmp_path_factory.mktemp('native-c'))

simulation\mujoco\tests\test_s_native_firmware.py:27: 
_ _ _ _ _ _ _ _ _ _ _ _ _ _ _ _ _ _ _ _ _ _ _ _ _ _ _ _ _ _ _ _ _ _ _ _ _ _ _ _
C:\Users\etnlw\miniforge3\envs\spot_omg\lib\site-packages\_pytest\tmpdir.py:131: in mktemp
    basename = self._ensure_relative_to_basetemp(basename)
C:\Users\etnlw\miniforge3\envs\spot_omg\lib\site-packages\_pytest\tmpdir.py:112: in _ensure_relative_to_basetemp
    if (self.getbasetemp() / basename).resolve().parent != self.getbasetemp():
C:\Users\etnlw\miniforge3\envs\spot_omg\lib\site-packages\_pytest\tmpdir.py:153: in getbasetemp
    basetemp.mkdir(mode=0o700)
_ _ _ _ _ _ _ _ _ _ _ _ _ _ _ _ _ _ _ _ _ _ _ _ _ _ _ _ _ _ _ _ _ _ _ _ _ _ _ _

self = WindowsPath('D:/project/spot_omg/artifacts/s-native-v6-1/yaw-fix-v61/pytest')
mode = 448, parents = False, exist_ok = False

    def mkdir(self, mode=0o777, parents=False, exist_ok=False):
        """
        Create a new directory at this given path.
        """
        try:
&gt;           self._accessor.mkdir(self, mode)
E           FileNotFoundError: [WinError 3] 지정된 경로를 찾을 수 없습니다: 'D:\\project\\spot_omg\\artifacts\\s-native-v6-1\\yaw-fix-v61\\pytest'

C:\Users\etnlw\miniforge3\envs\spot_omg\lib\pathlib.py:1175: FileNotFoundError</error></testcase><testcase classname="simulation.mujoco.tests.test_s_native_firmware" name="test_bad_native_inputs_are_rejected[6-0.1]" time="0.000"><error message="failed on setup with &quot;FileNotFoundError: [WinError 3] 지정된 경로를 찾을 수 없습니다: 'D:\\project\\spot_omg\\artifacts\\s-native-v6-1\\yaw-fix-v61\\pytest'&quot;">tmp_path_factory = TempPathFactory(_given_basetemp=WindowsPath('D:/project/spot_omg/artifacts/s-native-v6-1/yaw-fix-v61/pytest'), _trace=&lt;pluggy._tracing.TagTracerSub object at 0x0000011FD8509000&gt;, _basetemp=None, _retention_count=3, _retention_policy='all')

    @pytest.fixture(scope='module')
    def kernel(tmp_path_factory):
&gt;       return load_binding(tmp_path_factory.mktemp('native-c'))

simulation\mujoco\tests\test_s_native_firmware.py:27: 
_ _ _ _ _ _ _ _ _ _ _ _ _ _ _ _ _ _ _ _ _ _ _ _ _ _ _ _ _ _ _ _ _ _ _ _ _ _ _ _
C:\Users\etnlw\miniforge3\envs\spot_omg\lib\site-packages\_pytest\tmpdir.py:131: in mktemp
    basename = self._ensure_relative_to_basetemp(basename)
C:\Users\etnlw\miniforge3\envs\spot_omg\lib\site-packages\_pytest\tmpdir.py:112: in _ensure_relative_to_basetemp
    if (self.getbasetemp() / basename).resolve().parent != self.getbasetemp():
C:\Users\etnlw\miniforge3\envs\spot_omg\lib\site-packages\_pytest\tmpdir.py:153: in getbasetemp
    basetemp.mkdir(mode=0o700)
_ _ _ _ _ _ _ _ _ _ _ _ _ _ _ _ _ _ _ _ _ _ _ _ _ _ _ _ _ _ _ _ _ _ _ _ _ _ _ _

self = WindowsPath('D:/project/spot_omg/artifacts/s-native-v6-1/yaw-fix-v61/pytest')
mode = 448, parents = False, exist_ok = False

    def mkdir(self, mode=0o777, parents=False, exist_ok=False):
        """
        Create a new directory at this given path.
        """
        try:
&gt;           self._accessor.mkdir(self, mode)
E           FileNotFoundError: [WinError 3] 지정된 경로를 찾을 수 없습니다: 'D:\\project\\spot_omg\\artifacts\\s-native-v6-1\\yaw-fix-v61\\pytest'

C:\Users\etnlw\miniforge3\envs\spot_omg\lib\pathlib.py:1175: FileNotFoundError</error></testcase><testcase classname="simulation.mujoco.tests.test_s_native_gait" name="test_diagonals_share_paths_and_opposing_extrema[s_native_v1-0.02-0.02]" time="0.560" /><testcase classname="simulation.mujoco.tests.test_s_native_gait" name="test_diagonals_share_paths_and_opposing_extrema[s_native_v2-0.02-0.02]" time="0.015" /><testcase classname="simulation.mujoco.tests.test_s_native_gait" name="test_diagonals_share_paths_and_opposing_extrema[s_native_v3-0.02-0.06]" time="0.015" /><testcase classname="simulation.mujoco.tests.test_s_native_gait" name="test_diagonals_share_paths_and_opposing_extrema[s_native_v6-0.02-0.06]" time="0.017" /><testcase classname="simulation.mujoco.tests.test_s_native_gait" name="test_diagonals_share_paths_and_opposing_extrema[s_native_v6_1-0.02-0.065]" time="0.017" /><testcase classname="simulation.mujoco.tests.test_s_native_gait" name="test_s_native_default_direct_start_and_zero_motion" time="0.010" /><testcase classname="simulation.mujoco.tests.test_s_native_gait" name="test_native_contact_ik_reaches_path[1-0]" time="0.248" /><testcase classname="simulation.mujoco.tests.test_s_native_gait" name="test_native_contact_ik_reaches_path[-1-0]" time="0.242" /><testcase classname="simulation.mujoco.tests.test_s_native_gait" name="test_native_contact_ik_reaches_path[0-0.5]" time="0.208" /><testcase classname="simulation.mujoco.tests.test_s_native_gait" name="test_native_contact_ik_reaches_path[0--0.5]" time="0.203" /><testcase classname="simulation.mujoco.tests.test_s_native_gait" name="test_native_contact_ik_reaches_path[1-0.5]" time="0.240" /><testcase classname="simulation.mujoco.tests.test_s_native_gait" name="test_sole_xy_tracks_one_material_point_without_vertex_jumps" time="0.060" /><testcase classname="simulation.mujoco.tests.test_s_native_gait" name="test_body_transfer_keeps_opposing_extrema_and_s[s_native_v6-0.06]" time="0.036" /><testcase classname="simulation.mujoco.tests.test_s_native_gait" name="test_body_transfer_keeps_opposing_extrema_and_s[s_native_v6_1-0.065]" time="0.038" /><testcase classname="simulation.mujoco.tests.test_s_native_gait" name="test_v2_exchanges_without_a_ground_hold_and_keeps_v1_available" time="0.008" /><testcase classname="simulation.mujoco.tests.test_s_native_gait" name="test_fall_experiment_only_ignores_tilt_during_native_walk[False-tilt-False]" time="0.538" /><testcase classname="simulation.mujoco.tests.test_s_native_gait" name="test_fall_experiment_only_ignores_tilt_during_native_walk[True-tilt-True]" time="0.721" /><testcase classname="simulation.mujoco.tests.test_s_native_gait" name="test_fall_experiment_only_ignores_tilt_during_native_walk[True-imu-False]" time="0.537" /><testcase classname="simulation.mujoco.tests.test_s_native_gait" name="test_v3_extends_push_behind_s_without_changing_front_placement_or_exchange" time="0.034" /><testcase classname="simulation.mujoco.tests.test_s_native_gait" name="test_v4_walk_footprint_is_under_j1_without_changing_s_or_stride" time="0.009" /><testcase classname="simulation.mujoco.tests.test_s_native_gait" name="test_v4_only_moves_entry_footprint_during_swing_and_reaches_both_pairs" time="0.170" /><testcase classname="simulation.mujoco.tests.test_s_native_gait" name="test_first_fr_rl_swing_and_double_fr_angular_adduction[s_native_v5]" time="0.185" /><testcase classname="simulation.mujoco.tests.test_s_native_gait" name="test_first_fr_rl_swing_and_double_fr_angular_adduction[s_native_v6]" time="0.181" /><testcase classname="simulation.mujoco.tests.test_s_native_gait" name="test_first_fr_rl_swing_and_double_fr_angular_adduction[s_native_v6_1]" time="0.185" /><testcase classname="simulation.mujoco.tests.test_s_native_gait" name="test_stop_reverses_adduction_continuously_to_s[s_native_v5-0.25]" time="0.068" /><testcase classname="simulation.mujoco.tests.test_s_native_gait" name="test_stop_reverses_adduction_continuously_to_s[s_native_v5-0.6]" time="0.093" /><testcase classname="simulation.mujoco.tests.test_s_native_gait" name="test_stop_reverses_adduction_continuously_to_s[s_native_v5-1.2]" time="0.139" /><testcase classname="simulation.mujoco.tests.test_s_native_gait" name="test_stop_reverses_adduction_continuously_to_s[s_native_v6-0.25]" time="0.076" /><testcase classname="simulation.mujoco.tests.test_s_native_gait" name="test_stop_reverses_adduction_continuously_to_s[s_native_v6-0.6]" time="0.106" /><testcase classname="simulation.mujoco.tests.test_s_native_gait" name="test_stop_reverses_adduction_continuously_to_s[s_native_v6-1.2]" time="0.149" /><testcase classname="simulation.mujoco.tests.test_s_native_gait" name="test_stop_reverses_adduction_continuously_to_s[s_native_v6_1-0.25]" time="0.080" /><testcase classname="simulation.mujoco.tests.test_s_native_gait" name="test_stop_reverses_adduction_continuously_to_s[s_native_v6_1-0.6]" time="0.110" /><testcase classname="simulation.mujoco.tests.test_s_native_gait" name="test_stop_reverses_adduction_continuously_to_s[s_native_v6_1-1.2]" time="0.159" /><testcase classname="simulation.mujoco.tests.test_heading_controller" name="test_wrap_and_correction_direction[359-1-1]" time="0.004" /><testcase classname="simulation.mujoco.tests.test_heading_controller" name="test_wrap_and_correction_direction[1-359--1]" time="0.004" /><testcase classname="simulation.mujoco.tests.test_heading_controller" name="test_wrap_and_correction_direction[30-25--1]" time="0.003" /><testcase classname="simulation.mujoco.tests.test_heading_controller" name="test_wrap_and_correction_direction[30-35-1]" time="0.003" /><testcase classname="simulation.mujoco.tests.test_heading_controller" name="test_release_and_user_turn_clear_heading_reference[manual]" time="0.003" /><testcase classname="simulation.mujoco.tests.test_heading_controller" name="test_release_and_user_turn_clear_heading_reference[reverse]" time="0.004" /><testcase classname="simulation.mujoco.tests.test_heading_controller" name="test_release_and_user_turn_clear_heading_reference[stop]" time="0.003" /><testcase classname="simulation.mujoco.tests.test_heading_controller" name="test_release_and_user_turn_clear_heading_reference[stale]" time="0.003" /><testcase classname="simulation.mujoco.tests.test_heading_controller" name="test_release_and_user_turn_clear_heading_reference[offline]" time="0.003" /><testcase classname="simulation.mujoco.tests.test_heading_controller" name="test_release_and_user_turn_clear_heading_reference[disabled]" time="0.003" /><testcase classname="simulation.mujoco.tests.test_heading_controller" name="test_release_and_user_turn_clear_heading_reference[unsafe]" time="0.004" /><testcase classname="simulation.mujoco.tests.test_heading_controller" name="test_saturation_slew_and_turn_settle" time="0.003" /><testcase classname="simulation.mujoco.tests.test_heading_controller" name="test_sub_degree_error_is_not_ignored" time="0.003" /><testcase classname="simulation.mujoco.tests.test_heading_controller" name="test_reference_averages_wrapped_samples_during_settle" time="0.003" /><testcase classname="simulation.mujoco.tests.test_heading_controller" name="test_constant_disturbance_rejected_without_windup" time="0.007" /><testcase classname="apps.windows.tests.test_stop_return_simulation" name="test_app_stop_waits_for_v6_1_physical_return" time="4.078" /></testsuite></testsuites>