<?xml version="1.0" encoding="utf-8"?><testsuites name="pytest tests"><testsuite name="pytest" errors="0" failures="0" skipped="0" tests="25" time="35.438" timestamp="2026-09-15T16:26:30.865366+09:00" hostname="sim5080"><testcase classname="simulation.mujoco.tests.test_s_native_firmware" name="test_native_targets_and_servo_limits[command0-8.0]" time="1.883" /><testcase classname="simulation.mujoco.tests.test_s_native_firmware" name="test_native_targets_and_servo_limits[command1-0.3]" time="0.134" /><testcase classname="simulation.mujoco.tests.test_s_native_firmware" name="test_native_targets_and_servo_limits[command2-2.0]" time="0.267" /><testcase classname="simulation.mujoco.tests.test_s_native_firmware" name="test_native_targets_and_servo_limits[command3-2.0]" time="0.278" /><testcase classname="simulation.mujoco.tests.test_s_native_firmware" name="test_native_targets_and_servo_limits[command4-2.0]" time="0.292" /><testcase classname="simulation.mujoco.tests.test_s_native_firmware" name="test_native_targets_and_servo_limits[command5-2.0]" time="0.255" /><testcase classname="simulation.mujoco.tests.test_s_native_firmware" name="test_native_targets_and_servo_limits[command6-2.0]" time="0.264" /><testcase classname="simulation.mujoco.tests.test_s_native_firmware" name="test_native_targets_and_servo_limits[command7-2.0]" time="0.261" /><testcase classname="simulation.mujoco.tests.test_s_native_firmware" name="test_native_targets_and_servo_limits[command8-2.0]" time="0.266" /><testcase classname="simulation.mujoco.tests.test_s_native_firmware" name="test_c_kernel_walks_and_returns_to_s_in_mujoco" time="3.089" /><testcase classname="simulation.mujoco.tests.test_s_native_firmware" name="test_native_protocol_turn_matches_actual_body_direction[500-python]" time="3.890" /><testcase classname="simulation.mujoco.tests.test_s_native_firmware" name="test_native_protocol_turn_matches_actual_body_direction[500-c]" time="2.978" /><testcase classname="simulation.mujoco.tests.test_s_native_firmware" name="test_native_protocol_turn_matches_actual_body_direction[-500-python]" time="3.951" /><testcase classname="simulation.mujoco.tests.test_s_native_firmware" name="test_native_protocol_turn_matches_actual_body_direction[-500-c]" time="2.973" /><testcase classname="simulation.mujoco.tests.test_s_native_firmware" name="test_native_heading_reduces_measured_drift_at_user_input[python]" time="7.847" /><testcase classname="simulation.mujoco.tests.test_s_native_firmware" name="test_native_heading_reduces_measured_drift_at_user_input[c]" time="6.512" /><testcase classname="simulation.mujoco.tests.test_s_native_firmware" name="test_native_adduction_matches_physical_motor_directions" time="0.001" /><testcase classname="simulation.mujoco.tests.test_s_native_firmware" name="test_old_conversion_reproduces_front_outward_rear_inward" time="0.007" /><testcase classname="simulation.mujoco.tests.test_s_native_firmware" name="test_only_front_j1_motor_encoding_changes" time="0.001" /><testcase classname="simulation.mujoco.tests.test_s_native_firmware" name="test_bad_native_inputs_are_rejected[0-nan]" time="0.000" /><testcase classname="simulation.mujoco.tests.test_s_native_firmware" name="test_bad_native_inputs_are_rejected[1-1.1]" time="0.001" /><testcase classname="simulation.mujoco.tests.test_s_native_firmware" name="test_bad_native_inputs_are_rejected[2-1.1]" time="0.000" /><testcase classname="simulation.mujoco.tests.test_s_native_firmware" name="test_bad_native_inputs_are_rejected[3-0.6]" time="0.000" /><testcase classname="simulation.mujoco.tests.test_s_native_firmware" name="test_bad_native_inputs_are_rejected[4-inf]" time="0.001" /><testcase classname="simulation.mujoco.tests.test_s_native_firmware" name="test_bad_native_inputs_are_rejected[6-0.1]" time="0.006" /></testsuite></testsuites>